Command line invocation:
    /Applications/Xcode.app/Contents/Developer/usr/bin/xcodebuild -project Voyara.xcodeproj -scheme Voyara -destination "platform=iOS Simulator,name=iPhone 17 Pro" build

Resolve Package Graph


Resolved source packages:
  Lottie: https://github.com/airbnb/lottie-ios.git @ 4.6.0
  nanopb: https://github.com/firebase/nanopb.git @ 2.30910.0
  InteropForGoogle: https://github.com/google/interop-ios-for-google-sdks.git @ 101.0.0
  GoogleDataTransport: https://github.com/google/GoogleDataTransport.git @ 10.1.0
  gRPC: https://github.com/google/grpc-binary.git @ 1.69.1
  GoogleAdsOnDeviceConversion: https://github.com/googleads/google-ads-on-device-conversion-ios-sdk @ 3.5.0
  GTMSessionFetcher: https://github.com/google/gtm-session-fetcher.git @ 5.2.0
  Promises: https://github.com/google/promises.git @ 2.4.0
  abseil: https://github.com/google/abseil-cpp-binary.git @ 1.2024072200.0
  AppCheck: https://github.com/google/app-check.git @ 11.2.0
  Firebase: https://github.com/firebase/firebase-ios-sdk.git @ 12.12.1
  GoogleAppMeasurement: https://github.com/google/GoogleAppMeasurement.git @ 12.12.1
  GoogleUtilities: https://github.com/google/GoogleUtilities.git @ 8.1.0
  leveldb: https://github.com/firebase/leveldb.git @ 1.22.5

2026-05-08 19:11:23.406 xcodebuild[56746:3602266] [MT] IDERunDestination: Supported platforms for the buildables in the current scheme is empty.
ComputePackagePrebuildTargetDependencyGraph

Prepare packages

CreateBuildRequest

SendProjectDescription

CreateBuildOperation

ComputeTargetDependencyGraph
note: Building targets in dependency order
note: Target dependency graph (61 targets)
    Target 'Voyara' in project 'Voyara'
        ➜ Explicit dependency on target 'Lottie' in project 'Lottie'
        ➜ Explicit dependency on target 'FirebaseFirestore' in project 'Firebase'
        ➜ Explicit dependency on target 'FirebaseAuth' in project 'Firebase'
    Target 'FirebaseAuth' in project 'Firebase'
        ➜ Explicit dependency on target 'FirebaseAuth' in project 'Firebase'
        ➜ Explicit dependency on target 'Firebase_FirebaseAuth' in project 'Firebase'
        ➜ Explicit dependency on target 'FirebaseAppCheckInterop' in project 'Firebase'
        ➜ Explicit dependency on target 'FirebaseAuthInterop' in project 'Firebase'
        ➜ Explicit dependency on target 'FirebaseAuthInternal' in project 'Firebase'
        ➜ Explicit dependency on target 'Firebase' in project 'Firebase'
        ➜ Explicit dependency on target 'FirebaseCoreInternal' in project 'Firebase'
        ➜ Explicit dependency on target 'FirebaseCore' in project 'Firebase'
        ➜ Explicit dependency on target 'FirebaseCoreExtension' in project 'Firebase'
        ➜ Explicit dependency on target 'RecaptchaInterop' in project 'InteropForGoogle'
        ➜ Explicit dependency on target 'GULNSData' in project 'GoogleUtilities'
        ➜ Explicit dependency on target 'GULEnvironment' in project 'GoogleUtilities'
        ➜ Explicit dependency on target 'GULLogger' in project 'GoogleUtilities'
        ➜ Explicit dependency on target 'GULAppDelegateSwizzler' in project 'GoogleUtilities'
        ➜ Explicit dependency on target 'GTMSessionFetcherCore' in project 'GTMSessionFetcher'
    Target 'FirebaseAuth' in project 'Firebase'
        ➜ Explicit dependency on target 'Firebase_FirebaseAuth' in project 'Firebase'
        ➜ Explicit dependency on target 'FirebaseAppCheckInterop' in project 'Firebase'
        ➜ Explicit dependency on target 'FirebaseAuthInterop' in project 'Firebase'
        ➜ Explicit dependency on target 'FirebaseAuthInternal' in project 'Firebase'
        ➜ Explicit dependency on target 'Firebase' in project 'Firebase'
        ➜ Explicit dependency on target 'FirebaseCoreInternal' in project 'Firebase'
        ➜ Explicit dependency on target 'FirebaseCore' in project 'Firebase'
        ➜ Explicit dependency on target 'FirebaseCoreExtension' in project 'Firebase'
        ➜ Explicit dependency on target 'RecaptchaInterop' in project 'InteropForGoogle'
        ➜ Explicit dependency on target 'GULNSData' in project 'GoogleUtilities'
        ➜ Explicit dependency on target 'GULEnvironment' in project 'GoogleUtilities'
        ➜ Explicit dependency on target 'GULLogger' in project 'GoogleUtilities'
        ➜ Explicit dependency on target 'GULAppDelegateSwizzler' in project 'GoogleUtilities'
        ➜ Explicit dependency on target 'GTMSessionFetcherCore' in project 'GTMSessionFetcher'
    Target 'GTMSessionFetcherCore' in project 'GTMSessionFetcher'
        ➜ Explicit dependency on target 'GTMSessionFetcherCore' in project 'GTMSessionFetcher'
        ➜ Explicit dependency on target 'GTMSessionFetcher_GTMSessionFetcherCore' in project 'GTMSessionFetcher'
    Target 'GTMSessionFetcherCore' in project 'GTMSessionFetcher'
        ➜ Explicit dependency on target 'GTMSessionFetcher_GTMSessionFetcherCore' in project 'GTMSessionFetcher'
    Target 'GTMSessionFetcher_GTMSessionFetcherCore' in project 'GTMSessionFetcher' (no dependencies)
    Target 'GULAppDelegateSwizzler' in project 'GoogleUtilities'
        ➜ Explicit dependency on target 'GoogleUtilities-AppDelegateSwizzler' in project 'GoogleUtilities'
        ➜ Explicit dependency on target 'GoogleUtilities_GoogleUtilities-AppDelegateSwizzler' in project 'GoogleUtilities'
        ➜ Explicit dependency on target 'third-party-IsAppEncrypted' in project 'GoogleUtilities'
        ➜ Explicit dependency on target 'GoogleUtilities-Environment' in project 'GoogleUtilities'
        ➜ Explicit dependency on target 'GoogleUtilities-Logger' in project 'GoogleUtilities'
        ➜ Explicit dependency on target 'GoogleUtilities-NSData' in project 'GoogleUtilities'
        ➜ Explicit dependency on target 'GoogleUtilities-Reachability' in project 'GoogleUtilities'
        ➜ Explicit dependency on target 'GoogleUtilities-Network' in project 'GoogleUtilities'
    Target 'GoogleUtilities-AppDelegateSwizzler' in project 'GoogleUtilities'
        ➜ Explicit dependency on target 'GoogleUtilities_GoogleUtilities-AppDelegateSwizzler' in project 'GoogleUtilities'
        ➜ Explicit dependency on target 'third-party-IsAppEncrypted' in project 'GoogleUtilities'
        ➜ Explicit dependency on target 'GoogleUtilities-Environment' in project 'GoogleUtilities'
        ➜ Explicit dependency on target 'GoogleUtilities-Logger' in project 'GoogleUtilities'
        ➜ Explicit dependency on target 'GoogleUtilities-NSData' in project 'GoogleUtilities'
        ➜ Explicit dependency on target 'GoogleUtilities-Reachability' in project 'GoogleUtilities'
        ➜ Explicit dependency on target 'GoogleUtilities-Network' in project 'GoogleUtilities'
    Target 'GoogleUtilities-Network' in project 'GoogleUtilities'
        ➜ Explicit dependency on target 'GoogleUtilities_GoogleUtilities-Network' in project 'GoogleUtilities'
        ➜ Explicit dependency on target 'third-party-IsAppEncrypted' in project 'GoogleUtilities'
        ➜ Explicit dependency on target 'GoogleUtilities-Environment' in project 'GoogleUtilities'
        ➜ Explicit dependency on target 'GoogleUtilities-Logger' in project 'GoogleUtilities'
        ➜ Explicit dependency on target 'GoogleUtilities-NSData' in project 'GoogleUtilities'
        ➜ Explicit dependency on target 'GoogleUtilities-Reachability' in project 'GoogleUtilities'
    Target 'GoogleUtilities_GoogleUtilities-Network' in project 'GoogleUtilities' (no dependencies)
    Target 'GoogleUtilities-Reachability' in project 'GoogleUtilities'
        ➜ Explicit dependency on target 'GoogleUtilities_GoogleUtilities-Reachability' in project 'GoogleUtilities'
        ➜ Explicit dependency on target 'third-party-IsAppEncrypted' in project 'GoogleUtilities'
        ➜ Explicit dependency on target 'GoogleUtilities-Environment' in project 'GoogleUtilities'
        ➜ Explicit dependency on target 'GoogleUtilities-Logger' in project 'GoogleUtilities'
    Target 'GoogleUtilities_GoogleUtilities-Reachability' in project 'GoogleUtilities' (no dependencies)
    Target 'GoogleUtilities_GoogleUtilities-AppDelegateSwizzler' in project 'GoogleUtilities' (no dependencies)
    Target 'FirebaseAuthInternal' in project 'Firebase'
        ➜ Explicit dependency on target 'RecaptchaInterop' in project 'InteropForGoogle'
    Target 'RecaptchaInterop' in project 'InteropForGoogle'
        ➜ Explicit dependency on target 'RecaptchaInterop' in project 'InteropForGoogle'
    Target 'RecaptchaInterop' in project 'InteropForGoogle' (no dependencies)
    Target 'FirebaseAuthInterop' in project 'Firebase' (no dependencies)
    Target 'Firebase_FirebaseAuth' in project 'Firebase' (no dependencies)
    Target 'FirebaseFirestore' in project 'Firebase'
        ➜ Explicit dependency on target 'FirebaseFirestoreTarget' in project 'Firebase'
        ➜ Explicit dependency on target 'FirebaseFirestoreInternalWrapper' in project 'Firebase'
        ➜ Explicit dependency on target 'FirebaseAppCheckInterop' in project 'Firebase'
        ➜ Explicit dependency on target 'Firebase' in project 'Firebase'
        ➜ Explicit dependency on target 'FirebaseCoreInternal' in project 'Firebase'
        ➜ Explicit dependency on target 'FirebaseCore' in project 'Firebase'
        ➜ Explicit dependency on target 'FirebaseCoreExtension' in project 'Firebase'
        ➜ Explicit dependency on target 'FirebaseSharedSwift' in project 'Firebase'
        ➜ Explicit dependency on target 'FirebaseFirestore' in project 'Firebase'
        ➜ Explicit dependency on target 'GULNSData' in project 'GoogleUtilities'
        ➜ Explicit dependency on target 'GULEnvironment' in project 'GoogleUtilities'
        ➜ Explicit dependency on target 'GULLogger' in project 'GoogleUtilities'
        ➜ Explicit dependency on target 'abseil' in project 'abseil'
        ➜ Explicit dependency on target 'gRPC-C++' in project 'gRPC'
        ➜ Explicit dependency on target 'nanopb' in project 'nanopb'
        ➜ Explicit dependency on target 'leveldb' in project 'leveldb'
    Target 'FirebaseFirestoreTarget' in project 'Firebase'
        ➜ Explicit dependency on target 'FirebaseFirestoreInternalWrapper' in project 'Firebase'
        ➜ Explicit dependency on target 'FirebaseAppCheckInterop' in project 'Firebase'
        ➜ Explicit dependency on target 'Firebase' in project 'Firebase'
        ➜ Explicit dependency on target 'FirebaseCoreInternal' in project 'Firebase'
        ➜ Explicit dependency on target 'FirebaseCore' in project 'Firebase'
        ➜ Explicit dependency on target 'FirebaseCoreExtension' in project 'Firebase'
        ➜ Explicit dependency on target 'FirebaseSharedSwift' in project 'Firebase'
        ➜ Explicit dependency on target 'FirebaseFirestore' in project 'Firebase'
        ➜ Explicit dependency on target 'GULNSData' in project 'GoogleUtilities'
        ➜ Explicit dependency on target 'GULEnvironment' in project 'GoogleUtilities'
        ➜ Explicit dependency on target 'GULLogger' in project 'GoogleUtilities'
        ➜ Explicit dependency on target 'abseil' in project 'abseil'
        ➜ Explicit dependency on target 'gRPC-C++' in project 'gRPC'
        ➜ Explicit dependency on target 'nanopb' in project 'nanopb'
        ➜ Explicit dependency on target 'leveldb' in project 'leveldb'
    Target 'FirebaseFirestore' in project 'Firebase'
        ➜ Explicit dependency on target 'Firebase_FirebaseFirestore' in project 'Firebase'
        ➜ Explicit dependency on target 'FirebaseFirestoreInternalWrapper' in project 'Firebase'
        ➜ Explicit dependency on target 'FirebaseAppCheckInterop' in project 'Firebase'
        ➜ Explicit dependency on target 'Firebase' in project 'Firebase'
        ➜ Explicit dependency on target 'FirebaseCoreInternal' in project 'Firebase'
        ➜ Explicit dependency on target 'FirebaseCore' in project 'Firebase'
        ➜ Explicit dependency on target 'FirebaseCoreExtension' in project 'Firebase'
        ➜ Explicit dependency on target 'FirebaseSharedSwift' in project 'Firebase'
        ➜ Explicit dependency on target 'GULNSData' in project 'GoogleUtilities'
        ➜ Explicit dependency on target 'GULEnvironment' in project 'GoogleUtilities'
        ➜ Explicit dependency on target 'GULLogger' in project 'GoogleUtilities'
        ➜ Explicit dependency on target 'abseil' in project 'abseil'
        ➜ Explicit dependency on target 'gRPC-C++' in project 'gRPC'
        ➜ Explicit dependency on target 'nanopb' in project 'nanopb'
        ➜ Explicit dependency on target 'leveldb' in project 'leveldb'
    Target 'leveldb' in project 'leveldb'
        ➜ Explicit dependency on target 'leveldb' in project 'leveldb'
        ➜ Explicit dependency on target 'leveldb_leveldb' in project 'leveldb'
    Target 'leveldb' in project 'leveldb'
        ➜ Explicit dependency on target 'leveldb_leveldb' in project 'leveldb'
    Target 'leveldb_leveldb' in project 'leveldb' (no dependencies)
    Target 'nanopb' in project 'nanopb'
        ➜ Explicit dependency on target 'nanopb' in project 'nanopb'
        ➜ Explicit dependency on target 'nanopb_nanopb' in project 'nanopb'
    Target 'nanopb' in project 'nanopb'
        ➜ Explicit dependency on target 'nanopb_nanopb' in project 'nanopb'
    Target 'nanopb_nanopb' in project 'nanopb' (no dependencies)
    Target 'gRPC-C++' in project 'gRPC'
        ➜ Explicit dependency on target 'grpcppWrapper' in project 'gRPC'
        ➜ Explicit dependency on target 'gRPC_grpcppWrapper' in project 'gRPC'
        ➜ Explicit dependency on target 'grpcWrapper' in project 'gRPC'
        ➜ Explicit dependency on target 'opensslWrapper' in project 'gRPC'
        ➜ Explicit dependency on target 'abseil' in project 'abseil'
    Target 'grpcppWrapper' in project 'gRPC'
        ➜ Explicit dependency on target 'gRPC_grpcppWrapper' in project 'gRPC'
        ➜ Explicit dependency on target 'grpcWrapper' in project 'gRPC'
        ➜ Explicit dependency on target 'opensslWrapper' in project 'gRPC'
        ➜ Explicit dependency on target 'abseil' in project 'abseil'
    Target 'opensslWrapper' in project 'gRPC'
        ➜ Explicit dependency on target 'gRPC_opensslWrapper' in project 'gRPC'
    Target 'gRPC_opensslWrapper' in project 'gRPC' (no dependencies)
    Target 'grpcWrapper' in project 'gRPC'
        ➜ Explicit dependency on target 'gRPC_grpcWrapper' in project 'gRPC'
    Target 'gRPC_grpcWrapper' in project 'gRPC' (no dependencies)
    Target 'gRPC_grpcppWrapper' in project 'gRPC' (no dependencies)
    Target 'abseil' in project 'abseil'
        ➜ Explicit dependency on target 'abslWrapper' in project 'abseil'
        ➜ Explicit dependency on target 'abseil_abslWrapper' in project 'abseil'
    Target 'abslWrapper' in project 'abseil'
        ➜ Explicit dependency on target 'abseil_abslWrapper' in project 'abseil'
    Target 'abseil_abslWrapper' in project 'abseil' (no dependencies)
    Target 'Firebase_FirebaseFirestore' in project 'Firebase' (no dependencies)
    Target 'FirebaseSharedSwift' in project 'Firebase' (no dependencies)
    Target 'FirebaseCoreExtension' in project 'Firebase'
        ➜ Explicit dependency on target 'Firebase_FirebaseCoreExtension' in project 'Firebase'
    Target 'Firebase_FirebaseCoreExtension' in project 'Firebase' (no dependencies)
    Target 'FirebaseCore' in project 'Firebase'
        ➜ Explicit dependency on target 'Firebase_FirebaseCore' in project 'Firebase'
        ➜ Explicit dependency on target 'Firebase' in project 'Firebase'
        ➜ Explicit dependency on target 'FirebaseCoreInternal' in project 'Firebase'
        ➜ Explicit dependency on target 'GULNSData' in project 'GoogleUtilities'
        ➜ Explicit dependency on target 'GULEnvironment' in project 'GoogleUtilities'
        ➜ Explicit dependency on target 'GULLogger' in project 'GoogleUtilities'
    Target 'GULLogger' in project 'GoogleUtilities'
        ➜ Explicit dependency on target 'GoogleUtilities-Logger' in project 'GoogleUtilities'
        ➜ Explicit dependency on target 'GoogleUtilities_GoogleUtilities-Logger' in project 'GoogleUtilities'
        ➜ Explicit dependency on target 'third-party-IsAppEncrypted' in project 'GoogleUtilities'
        ➜ Explicit dependency on target 'GoogleUtilities-Environment' in project 'GoogleUtilities'
    Target 'GoogleUtilities-Logger' in project 'GoogleUtilities'
        ➜ Explicit dependency on target 'GoogleUtilities_GoogleUtilities-Logger' in project 'GoogleUtilities'
        ➜ Explicit dependency on target 'third-party-IsAppEncrypted' in project 'GoogleUtilities'
        ➜ Explicit dependency on target 'GoogleUtilities-Environment' in project 'GoogleUtilities'
    Target 'GoogleUtilities_GoogleUtilities-Logger' in project 'GoogleUtilities' (no dependencies)
    Target 'GULEnvironment' in project 'GoogleUtilities'
        ➜ Explicit dependency on target 'GoogleUtilities-Environment' in project 'GoogleUtilities'
        ➜ Explicit dependency on target 'GoogleUtilities_GoogleUtilities-Environment' in project 'GoogleUtilities'
        ➜ Explicit dependency on target 'third-party-IsAppEncrypted' in project 'GoogleUtilities'
    Target 'GoogleUtilities-Environment' in project 'GoogleUtilities'
        ➜ Explicit dependency on target 'GoogleUtilities_GoogleUtilities-Environment' in project 'GoogleUtilities'
        ➜ Explicit dependency on target 'third-party-IsAppEncrypted' in project 'GoogleUtilities'
    Target 'third-party-IsAppEncrypted' in project 'GoogleUtilities' (no dependencies)
    Target 'GoogleUtilities_GoogleUtilities-Environment' in project 'GoogleUtilities' (no dependencies)
    Target 'Firebase_FirebaseCore' in project 'Firebase' (no dependencies)
    Target 'FirebaseCoreInternal' in project 'Firebase'
        ➜ Explicit dependency on target 'Firebase_FirebaseCoreInternal' in project 'Firebase'
        ➜ Explicit dependency on target 'GULNSData' in project 'GoogleUtilities'
    Target 'GULNSData' in project 'GoogleUtilities'
        ➜ Explicit dependency on target 'GoogleUtilities-NSData' in project 'GoogleUtilities'
        ➜ Explicit dependency on target 'GoogleUtilities_GoogleUtilities-NSData' in project 'GoogleUtilities'
    Target 'GoogleUtilities-NSData' in project 'GoogleUtilities'
        ➜ Explicit dependency on target 'GoogleUtilities_GoogleUtilities-NSData' in project 'GoogleUtilities'
    Target 'GoogleUtilities_GoogleUtilities-NSData' in project 'GoogleUtilities' (no dependencies)
    Target 'Firebase_FirebaseCoreInternal' in project 'Firebase' (no dependencies)
    Target 'Firebase' in project 'Firebase' (no dependencies)
    Target 'FirebaseAppCheckInterop' in project 'Firebase' (no dependencies)
    Target 'FirebaseFirestoreInternalWrapper' in project 'Firebase' (no dependencies)
    Target 'Lottie' in project 'Lottie'
        ➜ Explicit dependency on target 'Lottie' in project 'Lottie'
        ➜ Explicit dependency on target 'Lottie_Lottie' in project 'Lottie'
    Target 'Lottie' in project 'Lottie'
        ➜ Explicit dependency on target 'Lottie_Lottie' in project 'Lottie'
    Target 'Lottie_Lottie' in project 'Lottie' (no dependencies)

GatherProvisioningInputs

CreateBuildDescription

ExecuteExternalTool /Applications/Xcode.app/Contents/Developer/Toolchains/XcodeDefault.xctoolchain/usr/bin/clang -v -E -dM -arch arm64 -isysroot /Applications/Xcode.app/Contents/Developer/Platforms/iPhoneSimulator.platform/Developer/SDKs/iPhoneSimulator26.2.sdk -x objective-c -c /dev/null

ExecuteExternalTool /Applications/Xcode.app/Contents/Developer/Toolchains/XcodeDefault.xctoolchain/usr/bin/swiftc --version

ExecuteExternalTool /Applications/Xcode.app/Contents/Developer/Toolchains/XcodeDefault.xctoolchain/usr/bin/clang -v -E -dM -isysroot /Applications/Xcode.app/Contents/Developer/Platforms/iPhoneSimulator.platform/Developer/SDKs/iPhoneSimulator26.2.sdk -x c -c /dev/null

ExecuteExternalTool /Applications/Xcode.app/Contents/Developer/Toolchains/XcodeDefault.xctoolchain/usr/bin/clang -v -E -dM -arch arm64 -isysroot /Applications/Xcode.app/Contents/Developer/Platforms/iPhoneSimulator.platform/Developer/SDKs/iPhoneSimulator26.2.sdk -x c -c /dev/null

ExecuteExternalTool /Applications/Xcode.app/Contents/Developer/usr/bin/actool --print-asset-tag-combinations --output-format xml1 /Users/dulaboy/Learn/Voyara/Voyara/Voyara/Assets.xcassets

ExecuteExternalTool /Applications/Xcode.app/Contents/Developer/Toolchains/XcodeDefault.xctoolchain/usr/bin/ld -version_details

ExecuteExternalTool /Applications/Xcode.app/Contents/Developer/Toolchains/XcodeDefault.xctoolchain/usr/bin/clang -v -E -dM -arch arm64 -isysroot /Applications/Xcode.app/Contents/Developer/Platforms/iPhoneSimulator.platform/Developer/SDKs/iPhoneSimulator26.2.sdk -x c++ -c /dev/null

ExecuteExternalTool /Applications/Xcode.app/Contents/Developer/usr/bin/actool --version --output-format xml1

Build description signature: 709960798db4fd3bae08b5c517e78f79
Build description path: /Users/dulaboy/Library/Developer/Xcode/DerivedData/Voyara-boisdldhhqvtzpayatyflksnvfmv/Build/Intermediates.noindex/XCBuildData/709960798db4fd3bae08b5c517e78f79.xcbuilddata
ClangStatCache /Applications/Xcode.app/Contents/Developer/Toolchains/XcodeDefault.xctoolchain/usr/bin/clang-stat-cache /Applications/Xcode.app/Contents/Developer/Platforms/iPhoneSimulator.platform/Developer/SDKs/iPhoneSimulator26.2.sdk /Users/dulaboy/Library/Developer/Xcode/DerivedData/SDKStatCaches.noindex/iphonesimulator26.2-23C53-7d00a8b37fbd7999ea79df8ebc024bf0.sdkstatcache
    cd /Users/dulaboy/Learn/Voyara/Voyara/Voyara.xcodeproj
    /Applications/Xcode.app/Contents/Developer/Toolchains/XcodeDefault.xctoolchain/usr/bin/clang-stat-cache /Applications/Xcode.app/Contents/Developer/Platforms/iPhoneSimulator.platform/Developer/SDKs/iPhoneSimulator26.2.sdk -o /Users/dulaboy/Library/Developer/Xcode/DerivedData/SDKStatCaches.noindex/iphonesimulator26.2-23C53-7d00a8b37fbd7999ea79df8ebc024bf0.sdkstatcache

ProcessInfoPlistFile /Users/dulaboy/Library/Developer/Xcode/DerivedData/Voyara-boisdldhhqvtzpayatyflksnvfmv/Build/Products/Debug-iphonesimulator/nanopb_nanopb.bundle/Info.plist /Users/dulaboy/Library/Developer/Xcode/DerivedData/Voyara-boisdldhhqvtzpayatyflksnvfmv/Build/Intermediates.noindex/nanopb.build/Debug-iphonesimulator/nanopb_nanopb.build/empty-nanopb_nanopb.plist (in target 'nanopb_nanopb' from project 'nanopb')
    cd /Users/dulaboy/Library/Developer/Xcode/DerivedData/Voyara-boisdldhhqvtzpayatyflksnvfmv/SourcePackages/checkouts/nanopb
    builtin-infoPlistUtility /Users/dulaboy/Library/Developer/Xcode/DerivedData/Voyara-boisdldhhqvtzpayatyflksnvfmv/Build/Intermediates.noindex/nanopb.build/Debug-iphonesimulator/nanopb_nanopb.build/empty-nanopb_nanopb.plist -producttype com.apple.product-type.bundle -expandbuildsettings -format binary -platform iphonesimulator -o /Users/dulaboy/Library/Developer/Xcode/DerivedData/Voyara-boisdldhhqvtzpayatyflksnvfmv/Build/Products/Debug-iphonesimulator/nanopb_nanopb.bundle/Info.plist

ProcessInfoPlistFile /Users/dulaboy/Library/Developer/Xcode/DerivedData/Voyara-boisdldhhqvtzpayatyflksnvfmv/Build/Products/Debug-iphonesimulator/leveldb_leveldb.bundle/Info.plist /Users/dulaboy/Library/Developer/Xcode/DerivedData/Voyara-boisdldhhqvtzpayatyflksnvfmv/Build/Intermediates.noindex/leveldb.build/Debug-iphonesimulator/leveldb_leveldb.build/empty-leveldb_leveldb.plist (in target 'leveldb_leveldb' from project 'leveldb')
    cd /Users/dulaboy/Library/Developer/Xcode/DerivedData/Voyara-boisdldhhqvtzpayatyflksnvfmv/SourcePackages/checkouts/leveldb
    builtin-infoPlistUtility /Users/dulaboy/Library/Developer/Xcode/DerivedData/Voyara-boisdldhhqvtzpayatyflksnvfmv/Build/Intermediates.noindex/leveldb.build/Debug-iphonesimulator/leveldb_leveldb.build/empty-leveldb_leveldb.plist -producttype com.apple.product-type.bundle -expandbuildsettings -format binary -platform iphonesimulator -o /Users/dulaboy/Library/Developer/Xcode/DerivedData/Voyara-boisdldhhqvtzpayatyflksnvfmv/Build/Products/Debug-iphonesimulator/leveldb_leveldb.bundle/Info.plist

ProcessInfoPlistFile /Users/dulaboy/Library/Developer/Xcode/DerivedData/Voyara-boisdldhhqvtzpayatyflksnvfmv/Build/Products/Debug-iphonesimulator/gRPC_opensslWrapper.bundle/Info.plist /Users/dulaboy/Library/Developer/Xcode/DerivedData/Voyara-boisdldhhqvtzpayatyflksnvfmv/Build/Intermediates.noindex/gRPC.build/Debug-iphonesimulator/gRPC_opensslWrapper.build/empty-gRPC_opensslWrapper.plist (in target 'gRPC_opensslWrapper' from project 'gRPC')
    cd /Users/dulaboy/Library/Developer/Xcode/DerivedData/Voyara-boisdldhhqvtzpayatyflksnvfmv/SourcePackages/checkouts/grpc-binary
    builtin-infoPlistUtility /Users/dulaboy/Library/Developer/Xcode/DerivedData/Voyara-boisdldhhqvtzpayatyflksnvfmv/Build/Intermediates.noindex/gRPC.build/Debug-iphonesimulator/gRPC_opensslWrapper.build/empty-gRPC_opensslWrapper.plist -producttype com.apple.product-type.bundle -expandbuildsettings -format binary -platform iphonesimulator -o /Users/dulaboy/Library/Developer/Xcode/DerivedData/Voyara-boisdldhhqvtzpayatyflksnvfmv/Build/Products/Debug-iphonesimulator/gRPC_opensslWrapper.bundle/Info.plist

ProcessInfoPlistFile /Users/dulaboy/Library/Developer/Xcode/DerivedData/Voyara-boisdldhhqvtzpayatyflksnvfmv/Build/Products/Debug-iphonesimulator/gRPC_grpcWrapper.bundle/Info.plist /Users/dulaboy/Library/Developer/Xcode/DerivedData/Voyara-boisdldhhqvtzpayatyflksnvfmv/Build/Intermediates.noindex/gRPC.build/Debug-iphonesimulator/gRPC_grpcWrapper.build/empty-gRPC_grpcWrapper.plist (in target 'gRPC_grpcWrapper' from project 'gRPC')
    cd /Users/dulaboy/Library/Developer/Xcode/DerivedData/Voyara-boisdldhhqvtzpayatyflksnvfmv/SourcePackages/checkouts/grpc-binary
    builtin-infoPlistUtility /Users/dulaboy/Library/Developer/Xcode/DerivedData/Voyara-boisdldhhqvtzpayatyflksnvfmv/Build/Intermediates.noindex/gRPC.build/Debug-iphonesimulator/gRPC_grpcWrapper.build/empty-gRPC_grpcWrapper.plist -producttype com.apple.product-type.bundle -expandbuildsettings -format binary -platform iphonesimulator -o /Users/dulaboy/Library/Developer/Xcode/DerivedData/Voyara-boisdldhhqvtzpayatyflksnvfmv/Build/Products/Debug-iphonesimulator/gRPC_grpcWrapper.bundle/Info.plist

ProcessInfoPlistFile /Users/dulaboy/Library/Developer/Xcode/DerivedData/Voyara-boisdldhhqvtzpayatyflksnvfmv/Build/Products/Debug-iphonesimulator/gRPC_grpcppWrapper.bundle/Info.plist /Users/dulaboy/Library/Developer/Xcode/DerivedData/Voyara-boisdldhhqvtzpayatyflksnvfmv/Build/Intermediates.noindex/gRPC.build/Debug-iphonesimulator/gRPC_grpcppWrapper.build/empty-gRPC_grpcppWrapper.plist (in target 'gRPC_grpcppWrapper' from project 'gRPC')
    cd /Users/dulaboy/Library/Developer/Xcode/DerivedData/Voyara-boisdldhhqvtzpayatyflksnvfmv/SourcePackages/checkouts/grpc-binary
    builtin-infoPlistUtility /Users/dulaboy/Library/Developer/Xcode/DerivedData/Voyara-boisdldhhqvtzpayatyflksnvfmv/Build/Intermediates.noindex/gRPC.build/Debug-iphonesimulator/gRPC_grpcppWrapper.build/empty-gRPC_grpcppWrapper.plist -producttype com.apple.product-type.bundle -expandbuildsettings -format binary -platform iphonesimulator -o /Users/dulaboy/Library/Developer/Xcode/DerivedData/Voyara-boisdldhhqvtzpayatyflksnvfmv/Build/Products/Debug-iphonesimulator/gRPC_grpcppWrapper.bundle/Info.plist

ProcessInfoPlistFile /Users/dulaboy/Library/Developer/Xcode/DerivedData/Voyara-boisdldhhqvtzpayatyflksnvfmv/Build/Products/Debug-iphonesimulator/abseil_abslWrapper.bundle/Info.plist /Users/dulaboy/Library/Developer/Xcode/DerivedData/Voyara-boisdldhhqvtzpayatyflksnvfmv/Build/Intermediates.noindex/abseil.build/Debug-iphonesimulator/abseil_abslWrapper.build/empty-abseil_abslWrapper.plist (in target 'abseil_abslWrapper' from project 'abseil')
    cd /Users/dulaboy/Library/Developer/Xcode/DerivedData/Voyara-boisdldhhqvtzpayatyflksnvfmv/SourcePackages/checkouts/abseil-cpp-binary
    builtin-infoPlistUtility /Users/dulaboy/Library/Developer/Xcode/DerivedData/Voyara-boisdldhhqvtzpayatyflksnvfmv/Build/Intermediates.noindex/abseil.build/Debug-iphonesimulator/abseil_abslWrapper.build/empty-abseil_abslWrapper.plist -producttype com.apple.product-type.bundle -expandbuildsettings -format binary -platform iphonesimulator -o /Users/dulaboy/Library/Developer/Xcode/DerivedData/Voyara-boisdldhhqvtzpayatyflksnvfmv/Build/Products/Debug-iphonesimulator/abseil_abslWrapper.bundle/Info.plist

ProcessInfoPlistFile /Users/dulaboy/Library/Developer/Xcode/DerivedData/Voyara-boisdldhhqvtzpayatyflksnvfmv/Build/Products/Debug-iphonesimulator/Lottie_Lottie.bundle/Info.plist /Users/dulaboy/Library/Developer/Xcode/DerivedData/Voyara-boisdldhhqvtzpayatyflksnvfmv/Build/Intermediates.noindex/Lottie.build/Debug-iphonesimulator/Lottie_Lottie.build/empty-Lottie_Lottie.plist (in target 'Lottie_Lottie' from project 'Lottie')
    cd /Users/dulaboy/Library/Developer/Xcode/DerivedData/Voyara-boisdldhhqvtzpayatyflksnvfmv/SourcePackages/checkouts/lottie-ios
    builtin-infoPlistUtility /Users/dulaboy/Library/Developer/Xcode/DerivedData/Voyara-boisdldhhqvtzpayatyflksnvfmv/Build/Intermediates.noindex/Lottie.build/Debug-iphonesimulator/Lottie_Lottie.build/empty-Lottie_Lottie.plist -producttype com.apple.product-type.bundle -expandbuildsettings -format binary -platform iphonesimulator -o /Users/dulaboy/Library/Developer/Xcode/DerivedData/Voyara-boisdldhhqvtzpayatyflksnvfmv/Build/Products/Debug-iphonesimulator/Lottie_Lottie.bundle/Info.plist

ProcessInfoPlistFile /Users/dulaboy/Library/Developer/Xcode/DerivedData/Voyara-boisdldhhqvtzpayatyflksnvfmv/Build/Products/Debug-iphonesimulator/GoogleUtilities_GoogleUtilities-NSData.bundle/Info.plist /Users/dulaboy/Library/Developer/Xcode/DerivedData/Voyara-boisdldhhqvtzpayatyflksnvfmv/Build/Intermediates.noindex/GoogleUtilities.build/Debug-iphonesimulator/GoogleUtilities_GoogleUtilities-NSData.build/empty-GoogleUtilities_GoogleUtilities-NSData.plist (in target 'GoogleUtilities_GoogleUtilities-NSData' from project 'GoogleUtilities')
    cd /Users/dulaboy/Library/Developer/Xcode/DerivedData/Voyara-boisdldhhqvtzpayatyflksnvfmv/SourcePackages/checkouts/GoogleUtilities
    builtin-infoPlistUtility /Users/dulaboy/Library/Developer/Xcode/DerivedData/Voyara-boisdldhhqvtzpayatyflksnvfmv/Build/Intermediates.noindex/GoogleUtilities.build/Debug-iphonesimulator/GoogleUtilities_GoogleUtilities-NSData.build/empty-GoogleUtilities_GoogleUtilities-NSData.plist -producttype com.apple.product-type.bundle -expandbuildsettings -format binary -platform iphonesimulator -o /Users/dulaboy/Library/Developer/Xcode/DerivedData/Voyara-boisdldhhqvtzpayatyflksnvfmv/Build/Products/Debug-iphonesimulator/GoogleUtilities_GoogleUtilities-NSData.bundle/Info.plist

ProcessInfoPlistFile /Users/dulaboy/Library/Developer/Xcode/DerivedData/Voyara-boisdldhhqvtzpayatyflksnvfmv/Build/Products/Debug-iphonesimulator/GoogleUtilities_GoogleUtilities-Logger.bundle/Info.plist /Users/dulaboy/Library/Developer/Xcode/DerivedData/Voyara-boisdldhhqvtzpayatyflksnvfmv/Build/Intermediates.noindex/GoogleUtilities.build/Debug-iphonesimulator/GoogleUtilities_GoogleUtilities-Logger.build/empty-GoogleUtilities_GoogleUtilities-Logger.plist (in target 'GoogleUtilities_GoogleUtilities-Logger' from project 'GoogleUtilities')
    cd /Users/dulaboy/Library/Developer/Xcode/DerivedData/Voyara-boisdldhhqvtzpayatyflksnvfmv/SourcePackages/checkouts/GoogleUtilities
    builtin-infoPlistUtility /Users/dulaboy/Library/Developer/Xcode/DerivedData/Voyara-boisdldhhqvtzpayatyflksnvfmv/Build/Intermediates.noindex/GoogleUtilities.build/Debug-iphonesimulator/GoogleUtilities_GoogleUtilities-Logger.build/empty-GoogleUtilities_GoogleUtilities-Logger.plist -producttype com.apple.product-type.bundle -expandbuildsettings -format binary -platform iphonesimulator -o /Users/dulaboy/Library/Developer/Xcode/DerivedData/Voyara-boisdldhhqvtzpayatyflksnvfmv/Build/Products/Debug-iphonesimulator/GoogleUtilities_GoogleUtilities-Logger.bundle/Info.plist

ProcessInfoPlistFile /Users/dulaboy/Library/Developer/Xcode/DerivedData/Voyara-boisdldhhqvtzpayatyflksnvfmv/Build/Products/Debug-iphonesimulator/GoogleUtilities_GoogleUtilities-Environment.bundle/Info.plist /Users/dulaboy/Library/Developer/Xcode/DerivedData/Voyara-boisdldhhqvtzpayatyflksnvfmv/Build/Intermediates.noindex/GoogleUtilities.build/Debug-iphonesimulator/GoogleUtilities_GoogleUtilities-Environment.build/empty-GoogleUtilities_GoogleUtilities-Environment.plist (in target 'GoogleUtilities_GoogleUtilities-Environment' from project 'GoogleUtilities')
    cd /Users/dulaboy/Library/Developer/Xcode/DerivedData/Voyara-boisdldhhqvtzpayatyflksnvfmv/SourcePackages/checkouts/GoogleUtilities
    builtin-infoPlistUtility /Users/dulaboy/Library/Developer/Xcode/DerivedData/Voyara-boisdldhhqvtzpayatyflksnvfmv/Build/Intermediates.noindex/GoogleUtilities.build/Debug-iphonesimulator/GoogleUtilities_GoogleUtilities-Environment.build/empty-GoogleUtilities_GoogleUtilities-Environment.plist -producttype com.apple.product-type.bundle -expandbuildsettings -format binary -platform iphonesimulator -o /Users/dulaboy/Library/Developer/Xcode/DerivedData/Voyara-boisdldhhqvtzpayatyflksnvfmv/Build/Products/Debug-iphonesimulator/GoogleUtilities_GoogleUtilities-Environment.bundle/Info.plist

ProcessInfoPlistFile /Users/dulaboy/Library/Developer/Xcode/DerivedData/Voyara-boisdldhhqvtzpayatyflksnvfmv/Build/Products/Debug-iphonesimulator/GoogleUtilities_GoogleUtilities-AppDelegateSwizzler.bundle/Info.plist /Users/dulaboy/Library/Developer/Xcode/DerivedData/Voyara-boisdldhhqvtzpayatyflksnvfmv/Build/Intermediates.noindex/GoogleUtilities.build/Debug-iphonesimulator/GoogleUtilities_GoogleUtilities-AppDelegateSwizzler.build/empty-GoogleUtilities_GoogleUtilities-AppDelegateSwizzler.plist (in target 'GoogleUtilities_GoogleUtilities-AppDelegateSwizzler' from project 'GoogleUtilities')
    cd /Users/dulaboy/Library/Developer/Xcode/DerivedData/Voyara-boisdldhhqvtzpayatyflksnvfmv/SourcePackages/checkouts/GoogleUtilities
    builtin-infoPlistUtility /Users/dulaboy/Library/Developer/Xcode/DerivedData/Voyara-boisdldhhqvtzpayatyflksnvfmv/Build/Intermediates.noindex/GoogleUtilities.build/Debug-iphonesimulator/GoogleUtilities_GoogleUtilities-AppDelegateSwizzler.build/empty-GoogleUtilities_GoogleUtilities-AppDelegateSwizzler.plist -producttype com.apple.product-type.bundle -expandbuildsettings -format binary -platform iphonesimulator -o /Users/dulaboy/Library/Developer/Xcode/DerivedData/Voyara-boisdldhhqvtzpayatyflksnvfmv/Build/Products/Debug-iphonesimulator/GoogleUtilities_GoogleUtilities-AppDelegateSwizzler.bundle/Info.plist

ProcessInfoPlistFile /Users/dulaboy/Library/Developer/Xcode/DerivedData/Voyara-boisdldhhqvtzpayatyflksnvfmv/Build/Products/Debug-iphonesimulator/GTMSessionFetcher_GTMSessionFetcherCore.bundle/Info.plist /Users/dulaboy/Library/Developer/Xcode/DerivedData/Voyara-boisdldhhqvtzpayatyflksnvfmv/Build/Intermediates.noindex/GTMSessionFetcher.build/Debug-iphonesimulator/GTMSessionFetcher_GTMSessionFetcherCore.build/empty-GTMSessionFetcher_GTMSessionFetcherCore.plist (in target 'GTMSessionFetcher_GTMSessionFetcherCore' from project 'GTMSessionFetcher')
    cd /Users/dulaboy/Library/Developer/Xcode/DerivedData/Voyara-boisdldhhqvtzpayatyflksnvfmv/SourcePackages/checkouts/gtm-session-fetcher
    builtin-infoPlistUtility /Users/dulaboy/Library/Developer/Xcode/DerivedData/Voyara-boisdldhhqvtzpayatyflksnvfmv/Build/Intermediates.noindex/GTMSessionFetcher.build/Debug-iphonesimulator/GTMSessionFetcher_GTMSessionFetcherCore.build/empty-GTMSessionFetcher_GTMSessionFetcherCore.plist -producttype com.apple.product-type.bundle -expandbuildsettings -format binary -platform iphonesimulator -o /Users/dulaboy/Library/Developer/Xcode/DerivedData/Voyara-boisdldhhqvtzpayatyflksnvfmv/Build/Products/Debug-iphonesimulator/GTMSessionFetcher_GTMSessionFetcherCore.bundle/Info.plist

ProcessInfoPlistFile /Users/dulaboy/Library/Developer/Xcode/DerivedData/Voyara-boisdldhhqvtzpayatyflksnvfmv/Build/Products/Debug-iphonesimulator/Firebase_FirebaseAuth.bundle/Info.plist /Users/dulaboy/Library/Developer/Xcode/DerivedData/Voyara-boisdldhhqvtzpayatyflksnvfmv/Build/Intermediates.noindex/Firebase.build/Debug-iphonesimulator/Firebase_FirebaseAuth.build/empty-Firebase_FirebaseAuth.plist (in target 'Firebase_FirebaseAuth' from project 'Firebase')
    cd /Users/dulaboy/Library/Developer/Xcode/DerivedData/Voyara-boisdldhhqvtzpayatyflksnvfmv/SourcePackages/checkouts/firebase-ios-sdk
    builtin-infoPlistUtility /Users/dulaboy/Library/Developer/Xcode/DerivedData/Voyara-boisdldhhqvtzpayatyflksnvfmv/Build/Intermediates.noindex/Firebase.build/Debug-iphonesimulator/Firebase_FirebaseAuth.build/empty-Firebase_FirebaseAuth.plist -producttype com.apple.product-type.bundle -expandbuildsettings -format binary -platform iphonesimulator -o /Users/dulaboy/Library/Developer/Xcode/DerivedData/Voyara-boisdldhhqvtzpayatyflksnvfmv/Build/Products/Debug-iphonesimulator/Firebase_FirebaseAuth.bundle/Info.plist

ProcessInfoPlistFile /Users/dulaboy/Library/Developer/Xcode/DerivedData/Voyara-boisdldhhqvtzpayatyflksnvfmv/Build/Products/Debug-iphonesimulator/Firebase_FirebaseFirestore.bundle/Info.plist /Users/dulaboy/Library/Developer/Xcode/DerivedData/Voyara-boisdldhhqvtzpayatyflksnvfmv/Build/Intermediates.noindex/Firebase.build/Debug-iphonesimulator/Firebase_FirebaseFirestore.build/empty-Firebase_FirebaseFirestore.plist (in target 'Firebase_FirebaseFirestore' from project 'Firebase')
    cd /Users/dulaboy/Library/Developer/Xcode/DerivedData/Voyara-boisdldhhqvtzpayatyflksnvfmv/SourcePackages/checkouts/firebase-ios-sdk
    builtin-infoPlistUtility /Users/dulaboy/Library/Developer/Xcode/DerivedData/Voyara-boisdldhhqvtzpayatyflksnvfmv/Build/Intermediates.noindex/Firebase.build/Debug-iphonesimulator/Firebase_FirebaseFirestore.build/empty-Firebase_FirebaseFirestore.plist -producttype com.apple.product-type.bundle -expandbuildsettings -format binary -platform iphonesimulator -o /Users/dulaboy/Library/Developer/Xcode/DerivedData/Voyara-boisdldhhqvtzpayatyflksnvfmv/Build/Products/Debug-iphonesimulator/Firebase_FirebaseFirestore.bundle/Info.plist

ProcessInfoPlistFile /Users/dulaboy/Library/Developer/Xcode/DerivedData/Voyara-boisdldhhqvtzpayatyflksnvfmv/Build/Products/Debug-iphonesimulator/GoogleUtilities_GoogleUtilities-Reachability.bundle/Info.plist /Users/dulaboy/Library/Developer/Xcode/DerivedData/Voyara-boisdldhhqvtzpayatyflksnvfmv/Build/Intermediates.noindex/GoogleUtilities.build/Debug-iphonesimulator/GoogleUtilities_GoogleUtilities-Reachability.build/empty-GoogleUtilities_GoogleUtilities-Reachability.plist (in target 'GoogleUtilities_GoogleUtilities-Reachability' from project 'GoogleUtilities')
    cd /Users/dulaboy/Library/Developer/Xcode/DerivedData/Voyara-boisdldhhqvtzpayatyflksnvfmv/SourcePackages/checkouts/GoogleUtilities
    builtin-infoPlistUtility /Users/dulaboy/Library/Developer/Xcode/DerivedData/Voyara-boisdldhhqvtzpayatyflksnvfmv/Build/Intermediates.noindex/GoogleUtilities.build/Debug-iphonesimulator/GoogleUtilities_GoogleUtilities-Reachability.build/empty-GoogleUtilities_GoogleUtilities-Reachability.plist -producttype com.apple.product-type.bundle -expandbuildsettings -format binary -platform iphonesimulator -o /Users/dulaboy/Library/Developer/Xcode/DerivedData/Voyara-boisdldhhqvtzpayatyflksnvfmv/Build/Products/Debug-iphonesimulator/GoogleUtilities_GoogleUtilities-Reachability.bundle/Info.plist

ProcessInfoPlistFile /Users/dulaboy/Library/Developer/Xcode/DerivedData/Voyara-boisdldhhqvtzpayatyflksnvfmv/Build/Products/Debug-iphonesimulator/GoogleUtilities_GoogleUtilities-Network.bundle/Info.plist /Users/dulaboy/Library/Developer/Xcode/DerivedData/Voyara-boisdldhhqvtzpayatyflksnvfmv/Build/Intermediates.noindex/GoogleUtilities.build/Debug-iphonesimulator/GoogleUtilities_GoogleUtilities-Network.build/empty-GoogleUtilities_GoogleUtilities-Network.plist (in target 'GoogleUtilities_GoogleUtilities-Network' from project 'GoogleUtilities')
    cd /Users/dulaboy/Library/Developer/Xcode/DerivedData/Voyara-boisdldhhqvtzpayatyflksnvfmv/SourcePackages/checkouts/GoogleUtilities
    builtin-infoPlistUtility /Users/dulaboy/Library/Developer/Xcode/DerivedData/Voyara-boisdldhhqvtzpayatyflksnvfmv/Build/Intermediates.noindex/GoogleUtilities.build/Debug-iphonesimulator/GoogleUtilities_GoogleUtilities-Network.build/empty-GoogleUtilities_GoogleUtilities-Network.plist -producttype com.apple.product-type.bundle -expandbuildsettings -format binary -platform iphonesimulator -o /Users/dulaboy/Library/Developer/Xcode/DerivedData/Voyara-boisdldhhqvtzpayatyflksnvfmv/Build/Products/Debug-iphonesimulator/GoogleUtilities_GoogleUtilities-Network.bundle/Info.plist

ProcessInfoPlistFile /Users/dulaboy/Library/Developer/Xcode/DerivedData/Voyara-boisdldhhqvtzpayatyflksnvfmv/Build/Products/Debug-iphonesimulator/Firebase_FirebaseCoreInternal.bundle/Info.plist /Users/dulaboy/Library/Developer/Xcode/DerivedData/Voyara-boisdldhhqvtzpayatyflksnvfmv/Build/Intermediates.noindex/Firebase.build/Debug-iphonesimulator/Firebase_FirebaseCoreInternal.build/empty-Firebase_FirebaseCoreInternal.plist (in target 'Firebase_FirebaseCoreInternal' from project 'Firebase')
    cd /Users/dulaboy/Library/Developer/Xcode/DerivedData/Voyara-boisdldhhqvtzpayatyflksnvfmv/SourcePackages/checkouts/firebase-ios-sdk
    builtin-infoPlistUtility /Users/dulaboy/Library/Developer/Xcode/DerivedData/Voyara-boisdldhhqvtzpayatyflksnvfmv/Build/Intermediates.noindex/Firebase.build/Debug-iphonesimulator/Firebase_FirebaseCoreInternal.build/empty-Firebase_FirebaseCoreInternal.plist -producttype com.apple.product-type.bundle -expandbuildsettings -format binary -platform iphonesimulator -o /Users/dulaboy/Library/Developer/Xcode/DerivedData/Voyara-boisdldhhqvtzpayatyflksnvfmv/Build/Products/Debug-iphonesimulator/Firebase_FirebaseCoreInternal.bundle/Info.plist

ProcessInfoPlistFile /Users/dulaboy/Library/Developer/Xcode/DerivedData/Voyara-boisdldhhqvtzpayatyflksnvfmv/Build/Products/Debug-iphonesimulator/Firebase_FirebaseCore.bundle/Info.plist /Users/dulaboy/Library/Developer/Xcode/DerivedData/Voyara-boisdldhhqvtzpayatyflksnvfmv/Build/Intermediates.noindex/Firebase.build/Debug-iphonesimulator/Firebase_FirebaseCore.build/empty-Firebase_FirebaseCore.plist (in target 'Firebase_FirebaseCore' from project 'Firebase')
    cd /Users/dulaboy/Library/Developer/Xcode/DerivedData/Voyara-boisdldhhqvtzpayatyflksnvfmv/SourcePackages/checkouts/firebase-ios-sdk
    builtin-infoPlistUtility /Users/dulaboy/Library/Developer/Xcode/DerivedData/Voyara-boisdldhhqvtzpayatyflksnvfmv/Build/Intermediates.noindex/Firebase.build/Debug-iphonesimulator/Firebase_FirebaseCore.build/empty-Firebase_FirebaseCore.plist -producttype com.apple.product-type.bundle -expandbuildsettings -format binary -platform iphonesimulator -o /Users/dulaboy/Library/Developer/Xcode/DerivedData/Voyara-boisdldhhqvtzpayatyflksnvfmv/Build/Products/Debug-iphonesimulator/Firebase_FirebaseCore.bundle/Info.plist

ProcessInfoPlistFile /Users/dulaboy/Library/Developer/Xcode/DerivedData/Voyara-boisdldhhqvtzpayatyflksnvfmv/Build/Products/Debug-iphonesimulator/Firebase_FirebaseCoreExtension.bundle/Info.plist /Users/dulaboy/Library/Developer/Xcode/DerivedData/Voyara-boisdldhhqvtzpayatyflksnvfmv/Build/Intermediates.noindex/Firebase.build/Debug-iphonesimulator/Firebase_FirebaseCoreExtension.build/empty-Firebase_FirebaseCoreExtension.plist (in target 'Firebase_FirebaseCoreExtension' from project 'Firebase')
    cd /Users/dulaboy/Library/Developer/Xcode/DerivedData/Voyara-boisdldhhqvtzpayatyflksnvfmv/SourcePackages/checkouts/firebase-ios-sdk
    builtin-infoPlistUtility /Users/dulaboy/Library/Developer/Xcode/DerivedData/Voyara-boisdldhhqvtzpayatyflksnvfmv/Build/Intermediates.noindex/Firebase.build/Debug-iphonesimulator/Firebase_FirebaseCoreExtension.build/empty-Firebase_FirebaseCoreExtension.plist -producttype com.apple.product-type.bundle -expandbuildsettings -format binary -platform iphonesimulator -o /Users/dulaboy/Library/Developer/Xcode/DerivedData/Voyara-boisdldhhqvtzpayatyflksnvfmv/Build/Products/Debug-iphonesimulator/Firebase_FirebaseCoreExtension.bundle/Info.plist

ProcessProductPackaging "" /Users/dulaboy/Library/Developer/Xcode/DerivedData/Voyara-boisdldhhqvtzpayatyflksnvfmv/Build/Intermediates.noindex/Voyara.build/Debug-iphonesimulator/Voyara.build/Voyara.app-Simulated.xcent (in target 'Voyara' from project 'Voyara')
    cd /Users/dulaboy/Learn/Voyara/Voyara
    
    Entitlements:
    
    {
    "application-identifier" = "LBHJL5ZQ29.com.dulaksha..Voyara";
}
    
    builtin-productPackagingUtility -entitlements -format xml -o /Users/dulaboy/Library/Developer/Xcode/DerivedData/Voyara-boisdldhhqvtzpayatyflksnvfmv/Build/Intermediates.noindex/Voyara.build/Debug-iphonesimulator/Voyara.build/Voyara.app-Simulated.xcent

ProcessProductPackagingDER /Users/dulaboy/Library/Developer/Xcode/DerivedData/Voyara-boisdldhhqvtzpayatyflksnvfmv/Build/Intermediates.noindex/Voyara.build/Debug-iphonesimulator/Voyara.build/Voyara.app-Simulated.xcent /Users/dulaboy/Library/Developer/Xcode/DerivedData/Voyara-boisdldhhqvtzpayatyflksnvfmv/Build/Intermediates.noindex/Voyara.build/Debug-iphonesimulator/Voyara.build/Voyara.app-Simulated.xcent.der (in target 'Voyara' from project 'Voyara')
    cd /Users/dulaboy/Learn/Voyara/Voyara
    /usr/bin/derq query -f xml -i /Users/dulaboy/Library/Developer/Xcode/DerivedData/Voyara-boisdldhhqvtzpayatyflksnvfmv/Build/Intermediates.noindex/Voyara.build/Debug-iphonesimulator/Voyara.build/Voyara.app-Simulated.xcent -o /Users/dulaboy/Library/Developer/Xcode/DerivedData/Voyara-boisdldhhqvtzpayatyflksnvfmv/Build/Intermediates.noindex/Voyara.build/Debug-iphonesimulator/Voyara.build/Voyara.app-Simulated.xcent.der --raw

SwiftDriver Voyara normal arm64 com.apple.xcode.tools.swift.compiler (in target 'Voyara' from project 'Voyara')
    cd /Users/dulaboy/Learn/Voyara/Voyara
    builtin-SwiftDriver -- /Applications/Xcode.app/Contents/Developer/Toolchains/XcodeDefault.xctoolchain/usr/bin/swiftc -module-name Voyara -Onone -enforce-exclusivity\=checked @/Users/dulaboy/Library/Developer/Xcode/DerivedData/Voyara-boisdldhhqvtzpayatyflksnvfmv/Build/Intermediates.noindex/Voyara.build/Debug-iphonesimulator/Voyara.build/Objects-normal/arm64/Voyara.SwiftFileList -DDEBUG -Xcc -fmodule-map-file\=/Users/dulaboy/Library/Developer/Xcode/DerivedData/Voyara-boisdldhhqvtzpayatyflksnvfmv/Build/Intermediates.noindex/GeneratedModuleMaps-iphonesimulator/abslWrapper.modulemap -Xcc -fmodule-map-file\=/Users/dulaboy/Library/Developer/Xcode/DerivedData/Voyara-boisdldhhqvtzpayatyflksnvfmv/Build/Intermediates.noindex/GeneratedModuleMaps-iphonesimulator/opensslWrapper.modulemap -Xcc -fmodule-map-file\=/Users/dulaboy/Library/Developer/Xcode/DerivedData/Voyara-boisdldhhqvtzpayatyflksnvfmv/Build/Intermediates.noindex/GeneratedModuleMaps-iphonesimulator/grpcWrapper.modulemap -Xcc -fmodule-map-file\=/Users/dulaboy/Library/Developer/Xcode/DerivedData/Voyara-boisdldhhqvtzpayatyflksnvfmv/Build/Intermediates.noindex/GeneratedModuleMaps-iphonesimulator/grpcppWrapper.modulemap -Xcc -fmodule-map-file\=/Users/dulaboy/Library/Developer/Xcode/DerivedData/Voyara-boisdldhhqvtzpayatyflksnvfmv/Build/Intermediates.noindex/GeneratedModuleMaps-iphonesimulator/nanopb.modulemap -Xcc -fmodule-map-file\=/Users/dulaboy/Library/Developer/Xcode/DerivedData/Voyara-boisdldhhqvtzpayatyflksnvfmv/Build/Intermediates.noindex/GeneratedModuleMaps-iphonesimulator/leveldb.modulemap -Xcc -fmodule-map-file\=/Users/dulaboy/Library/Developer/Xcode/DerivedData/Voyara-boisdldhhqvtzpayatyflksnvfmv/Build/Intermediates.noindex/GeneratedModuleMaps-iphonesimulator/FirebaseFirestoreInternalWrapper.modulemap -Xcc -fmodule-map-file\=/Users/dulaboy/Library/Developer/Xcode/DerivedData/Voyara-boisdldhhqvtzpayatyflksnvfmv/Build/Intermediates.noindex/GeneratedModuleMaps-iphonesimulator/FirebaseFirestoreTarget.modulemap -Xcc -fmodule-map-file\=/Users/dulaboy/Library/Developer/Xcode/DerivedData/Voyara-boisdldhhqvtzpayatyflksnvfmv/Build/Intermediates.noindex/GeneratedModuleMaps-iphonesimulator/RecaptchaInterop.modulemap -Xcc -fmodule-map-file\=/Users/dulaboy/Library/Developer/Xcode/DerivedData/Voyara-boisdldhhqvtzpayatyflksnvfmv/Build/Intermediates.noindex/GeneratedModuleMaps-iphonesimulator/GoogleUtilities-Network.modulemap -Xcc -fmodule-map-file\=/Users/dulaboy/Library/Developer/Xcode/DerivedData/Voyara-boisdldhhqvtzpayatyflksnvfmv/Build/Intermediates.noindex/GeneratedModuleMaps-iphonesimulator/GoogleUtilities-Reachability.modulemap -Xcc -fmodule-map-file\=/Users/dulaboy/Library/Developer/Xcode/DerivedData/Voyara-boisdldhhqvtzpayatyflksnvfmv/Build/Intermediates.noindex/GeneratedModuleMaps-iphonesimulator/GoogleUtilities-NSData.modulemap -Xcc -fmodule-map-file\=/Users/dulaboy/Library/Developer/Xcode/DerivedData/Voyara-boisdldhhqvtzpayatyflksnvfmv/Build/Intermediates.noindex/GeneratedModuleMaps-iphonesimulator/GoogleUtilities-Logger.modulemap -Xcc -fmodule-map-file\=/Users/dulaboy/Library/Developer/Xcode/DerivedData/Voyara-boisdldhhqvtzpayatyflksnvfmv/Build/Intermediates.noindex/GeneratedModuleMaps-iphonesimulator/GoogleUtilities-Environment.modulemap -Xcc -fmodule-map-file\=/Users/dulaboy/Library/Developer/Xcode/DerivedData/Voyara-boisdldhhqvtzpayatyflksnvfmv/Build/Intermediates.noindex/GeneratedModuleMaps-iphonesimulator/third-party-IsAppEncrypted.modulemap -Xcc -fmodule-map-file\=/Users/dulaboy/Library/Developer/Xcode/DerivedData/Voyara-boisdldhhqvtzpayatyflksnvfmv/Build/Intermediates.noindex/GeneratedModuleMaps-iphonesimulator/GoogleUtilities-AppDelegateSwizzler.modulemap -Xcc -fmodule-map-file\=/Users/dulaboy/Library/Developer/Xcode/DerivedData/Voyara-boisdldhhqvtzpayatyflksnvfmv/Build/Intermediates.noindex/GeneratedModuleMaps-iphonesimulator/GTMSessionFetcherCore.modulemap -Xcc -fmodule-map-file\=/Users/dulaboy/Library/Developer/Xcode/DerivedData/Voyara-boisdldhhqvtzpayatyflksnvfmv/Build/Intermediates.noindex/GeneratedModuleMaps-iphonesimulator/FirebaseCoreExtension.modulemap -Xcc -fmodule-map-file\=/Users/dulaboy/Library/Developer/Xcode/DerivedData/Voyara-boisdldhhqvtzpayatyflksnvfmv/Build/Intermediates.noindex/GeneratedModuleMaps-iphonesimulator/FirebaseCore.modulemap -Xcc -fmodule-map-file\=/Users/dulaboy/Library/Developer/Xcode/DerivedData/Voyara-boisdldhhqvtzpayatyflksnvfmv/Build/Intermediates.noindex/GeneratedModuleMaps-iphonesimulator/FirebaseAuthInternal.modulemap -Xcc -fmodule-map-file\=/Users/dulaboy/Library/Developer/Xcode/DerivedData/Voyara-boisdldhhqvtzpayatyflksnvfmv/Build/Intermediates.noindex/GeneratedModuleMaps-iphonesimulator/FirebaseAuthInterop.modulemap -Xcc -fmodule-map-file\=/Users/dulaboy/Library/Developer/Xcode/DerivedData/Voyara-boisdldhhqvtzpayatyflksnvfmv/Build/Intermediates.noindex/GeneratedModuleMaps-iphonesimulator/FirebaseAppCheckInterop.modulemap -default-isolation\=MainActor -enable-bare-slash-regex -enable-upcoming-feature DisableOutwardActorInference -enable-upcoming-feature InferSendableFromCaptures -enable-upcoming-feature GlobalActorIsolatedTypesUsability -enable-upcoming-feature MemberImportVisibility -enable-upcoming-feature InferIsolatedConformances -enable-upcoming-feature NonisolatedNonsendingByDefault -enable-experimental-feature DebugDescriptionMacro -sdk /Applications/Xcode.app/Contents/Developer/Platforms/iPhoneSimulator.platform/Developer/SDKs/iPhoneSimulator26.2.sdk -target arm64-apple-ios26.2-simulator -g -module-cache-path /Users/dulaboy/Library/Developer/Xcode/DerivedData/ModuleCache.noindex -Xfrontend -serialize-debugging-options -enable-testing -index-store-path /Users/dulaboy/Library/Developer/Xcode/DerivedData/Voyara-boisdldhhqvtzpayatyflksnvfmv/Index.noindex/DataStore -Xcc -D_LIBCPP_HARDENING_MODE\=_LIBCPP_HARDENING_MODE_DEBUG -swift-version 5 -I /Users/dulaboy/Library/Developer/Xcode/DerivedData/Voyara-boisdldhhqvtzpayatyflksnvfmv/Build/Products/Debug-iphonesimulator -F /Users/dulaboy/Library/Developer/Xcode/DerivedData/Voyara-boisdldhhqvtzpayatyflksnvfmv/Build/Products/Debug-iphonesimulator/PackageFrameworks -F /Users/dulaboy/Library/Developer/Xcode/DerivedData/Voyara-boisdldhhqvtzpayatyflksnvfmv/Build/Products/Debug-iphonesimulator/PackageFrameworks -F /Users/dulaboy/Library/Developer/Xcode/DerivedData/Voyara-boisdldhhqvtzpayatyflksnvfmv/Build/Products/Debug-iphonesimulator/PackageFrameworks -F /Users/dulaboy/Library/Developer/Xcode/DerivedData/Voyara-boisdldhhqvtzpayatyflksnvfmv/Build/Products/Debug-iphonesimulator/PackageFrameworks -F /Users/dulaboy/Library/Developer/Xcode/DerivedData/Voyara-boisdldhhqvtzpayatyflksnvfmv/Build/Products/Debug-iphonesimulator/PackageFrameworks -F /Users/dulaboy/Library/Developer/Xcode/DerivedData/Voyara-boisdldhhqvtzpayatyflksnvfmv/Build/Products/Debug-iphonesimulator/PackageFrameworks -F /Users/dulaboy/Library/Developer/Xcode/DerivedData/Voyara-boisdldhhqvtzpayatyflksnvfmv/Build/Products/Debug-iphonesimulator/PackageFrameworks -F /Users/dulaboy/Library/Developer/Xcode/DerivedData/Voyara-boisdldhhqvtzpayatyflksnvfmv/Build/Products/Debug-iphonesimulator/PackageFrameworks -F /Users/dulaboy/Library/Developer/Xcode/DerivedData/Voyara-boisdldhhqvtzpayatyflksnvfmv/Build/Products/Debug-iphonesimulator/PackageFrameworks -F /Users/dulaboy/Library/Developer/Xcode/DerivedData/Voyara-boisdldhhqvtzpayatyflksnvfmv/Build/Products/Debug-iphonesimulator/PackageFrameworks -F /Users/dulaboy/Library/Developer/Xcode/DerivedData/Voyara-boisdldhhqvtzpayatyflksnvfmv/Build/Products/Debug-iphonesimulator/PackageFrameworks -F /Users/dulaboy/Library/Developer/Xcode/DerivedData/Voyara-boisdldhhqvtzpayatyflksnvfmv/Build/Products/Debug-iphonesimulator/PackageFrameworks -F /Users/dulaboy/Library/Developer/Xcode/DerivedData/Voyara-boisdldhhqvtzpayatyflksnvfmv/Build/Products/Debug-iphonesimulator/PackageFrameworks -F /Users/dulaboy/Library/Developer/Xcode/DerivedData/Voyara-boisdldhhqvtzpayatyflksnvfmv/Build/Products/Debug-iphonesimulator/PackageFrameworks -F /Users/dulaboy/Library/Developer/Xcode/DerivedData/Voyara-boisdldhhqvtzpayatyflksnvfmv/Build/Products/Debug-iphonesimulator/PackageFrameworks -F /Users/dulaboy/Library/Developer/Xcode/DerivedData/Voyara-boisdldhhqvtzpayatyflksnvfmv/Build/Products/Debug-iphonesimulator/PackageFrameworks -F /Users/dulaboy/Library/Developer/Xcode/DerivedData/Voyara-boisdldhhqvtzpayatyflksnvfmv/Build/Products/Debug-iphonesimulator/PackageFrameworks -F /Users/dulaboy/Library/Developer/Xcode/DerivedData/Voyara-boisdldhhqvtzpayatyflksnvfmv/Build/Products/Debug-iphonesimulator/PackageFrameworks -F /Users/dulaboy/Library/Developer/Xcode/DerivedData/Voyara-boisdldhhqvtzpayatyflksnvfmv/Build/Products/Debug-iphonesimulator/PackageFrameworks -F /Users/dulaboy/Library/Developer/Xcode/DerivedData/Voyara-boisdldhhqvtzpayatyflksnvfmv/Build/Products/Debug-iphonesimulator/PackageFrameworks -F /Users/dulaboy/Library/Developer/Xcode/DerivedData/Voyara-boisdldhhqvtzpayatyflksnvfmv/Build/Products/Debug-iphonesimulator/PackageFrameworks -F /Users/dulaboy/Library/Developer/Xcode/DerivedData/Voyara-boisdldhhqvtzpayatyflksnvfmv/Build/Products/Debug-iphonesimulator/PackageFrameworks -F /Users/dulaboy/Library/Developer/Xcode/DerivedData/Voyara-boisdldhhqvtzpayatyflksnvfmv/Build/Products/Debug-iphonesimulator/PackageFrameworks -F /Users/dulaboy/Library/Developer/Xcode/DerivedData/Voyara-boisdldhhqvtzpayatyflksnvfmv/Build/Products/Debug-iphonesimulator/PackageFrameworks -F /Users/dulaboy/Library/Developer/Xcode/DerivedData/Voyara-boisdldhhqvtzpayatyflksnvfmv/Build/Products/Debug-iphonesimulator/PackageFrameworks -F /Users/dulaboy/Library/Developer/Xcode/DerivedData/Voyara-boisdldhhqvtzpayatyflksnvfmv/Build/Products/Debug-iphonesimulator/PackageFrameworks -F /Users/dulaboy/Library/Developer/Xcode/DerivedData/Voyara-boisdldhhqvtzpayatyflksnvfmv/Build/Products/Debug-iphonesimulator/PackageFrameworks -F /Users/dulaboy/Library/Developer/Xcode/DerivedData/Voyara-boisdldhhqvtzpayatyflksnvfmv/Build/Products/Debug-iphonesimulator/PackageFrameworks -F /Users/dulaboy/Library/Developer/Xcode/DerivedData/Voyara-boisdldhhqvtzpayatyflksnvfmv/Build/Products/Debug-iphonesimulator -emit-localized-strings -emit-localized-strings-path /Users/dulaboy/Library/Developer/Xcode/DerivedData/Voyara-boisdldhhqvtzpayatyflksnvfmv/Build/Intermediates.noindex/Voyara.build/Debug-iphonesimulator/Voyara.build/Objects-normal/arm64 -c -j8 -enable-batch-mode -incremental -Xcc -ivfsstatcache -Xcc /Users/dulaboy/Library/Developer/Xcode/DerivedData/SDKStatCaches.noindex/iphonesimulator26.2-23C53-7d00a8b37fbd7999ea79df8ebc024bf0.sdkstatcache -output-file-map /Users/dulaboy/Library/Developer/Xcode/DerivedData/Voyara-boisdldhhqvtzpayatyflksnvfmv/Build/Intermediates.noindex/Voyara.build/Debug-iphonesimulator/Voyara.build/Objects-normal/arm64/Voyara-OutputFileMap.json -use-frontend-parseable-output -save-temps -no-color-diagnostics -explicit-module-build -module-cache-path /Users/dulaboy/Library/Developer/Xcode/DerivedData/Voyara-boisdldhhqvtzpayatyflksnvfmv/Build/Intermediates.noindex/SwiftExplicitPrecompiledModules -clang-scanner-module-cache-path /Users/dulaboy/Library/Developer/Xcode/DerivedData/ModuleCache.noindex -sdk-module-cache-path /Users/dulaboy/Library/Developer/Xcode/DerivedData/ModuleCache.noindex -serialize-diagnostics -emit-dependencies -emit-module -emit-module-path /Users/dulaboy/Library/Developer/Xcode/DerivedData/Voyara-boisdldhhqvtzpayatyflksnvfmv/Build/Intermediates.noindex/Voyara.build/Debug-iphonesimulator/Voyara.build/Objects-normal/arm64/Voyara.swiftmodule -validate-clang-modules-once -clang-build-session-file /Users/dulaboy/Library/Developer/Xcode/DerivedData/ModuleCache.noindex/Session.modulevalidation -Xcc -I/Users/dulaboy/Library/Developer/Xcode/DerivedData/Voyara-boisdldhhqvtzpayatyflksnvfmv/Build/Intermediates.noindex/Voyara.build/Debug-iphonesimulator/Voyara.build/swift-overrides.hmap -emit-const-values -Xfrontend -const-gather-protocols-file -Xfrontend /Users/dulaboy/Library/Developer/Xcode/DerivedData/Voyara-boisdldhhqvtzpayatyflksnvfmv/Build/Intermediates.noindex/Voyara.build/Debug-iphonesimulator/Voyara.build/Objects-normal/arm64/Voyara_const_extract_protocols.json -Xcc -iquote -Xcc /Users/dulaboy/Library/Developer/Xcode/DerivedData/Voyara-boisdldhhqvtzpayatyflksnvfmv/Build/Intermediates.noindex/Voyara.build/Debug-iphonesimulator/Voyara.build/Voyara-generated-files.hmap -Xcc -I/Users/dulaboy/Library/Developer/Xcode/DerivedData/Voyara-boisdldhhqvtzpayatyflksnvfmv/Build/Intermediates.noindex/Voyara.build/Debug-iphonesimulator/Voyara.build/Voyara-own-target-headers.hmap -Xcc -I/Users/dulaboy/Library/Developer/Xcode/DerivedData/Voyara-boisdldhhqvtzpayatyflksnvfmv/Build/Intermediates.noindex/Voyara.build/Debug-iphonesimulator/Voyara.build/Voyara-all-non-framework-target-headers.hmap -Xcc -ivfsoverlay -Xcc /Users/dulaboy/Library/Developer/Xcode/DerivedData/Voyara-boisdldhhqvtzpayatyflksnvfmv/Build/Intermediates.noindex/Voyara.build/Debug-iphonesimulator/Voyara-479d8f90487fe23bcb55e9f2385d0c41-VFS-iphonesimulator/all-product-headers.yaml -Xcc -iquote -Xcc /Users/dulaboy/Library/Developer/Xcode/DerivedData/Voyara-boisdldhhqvtzpayatyflksnvfmv/Build/Intermediates.noindex/Voyara.build/Debug-iphonesimulator/Voyara.build/Voyara-project-headers.hmap -Xcc -I/Users/dulaboy/Library/Developer/Xcode/DerivedData/Voyara-boisdldhhqvtzpayatyflksnvfmv/SourcePackages/checkouts/abseil-cpp-binary/absl-Wrapper/include -Xcc -I/Users/dulaboy/Library/Developer/Xcode/DerivedData/Voyara-boisdldhhqvtzpayatyflksnvfmv/SourcePackages/checkouts/grpc-binary/openssl-grpc-Wrapper/include -Xcc -I/Users/dulaboy/Library/Developer/Xcode/DerivedData/Voyara-boisdldhhqvtzpayatyflksnvfmv/SourcePackages/checkouts/grpc-binary/grpc-Wrapper/include -Xcc -I/Users/dulaboy/Library/Developer/Xcode/DerivedData/Voyara-boisdldhhqvtzpayatyflksnvfmv/SourcePackages/checkouts/grpc-binary/grpcpp-Wrapper/include -Xcc -I/Users/dulaboy/Library/Developer/Xcode/DerivedData/Voyara-boisdldhhqvtzpayatyflksnvfmv/SourcePackages/checkouts/nanopb/spm_headers -Xcc -I/Users/dulaboy/Library/Developer/Xcode/DerivedData/Voyara-boisdldhhqvtzpayatyflksnvfmv/SourcePackages/checkouts/leveldb/include -Xcc -I/Users/dulaboy/Library/Developer/Xcode/DerivedData/Voyara-boisdldhhqvtzpayatyflksnvfmv/SourcePackages/checkouts/firebase-ios-sdk/FirebaseFirestoreInternal -Xcc -I/Users/dulaboy/Library/Developer/Xcode/DerivedData/Voyara-boisdldhhqvtzpayatyflksnvfmv/SourcePackages/checkouts/firebase-ios-sdk/SwiftPM-PlatformExclude/FirebaseFirestoreWrap/include -Xcc -I/Users/dulaboy/Library/Developer/Xcode/DerivedData/Voyara-boisdldhhqvtzpayatyflksnvfmv/SourcePackages/checkouts/interop-ios-for-google-sdks/RecaptchaEnterprise/RecaptchaInterop/Public -Xcc -I/Users/dulaboy/Library/Developer/Xcode/DerivedData/Voyara-boisdldhhqvtzpayatyflksnvfmv/SourcePackages/checkouts/GoogleUtilities/GoogleUtilities/Network/Public -Xcc -I/Users/dulaboy/Library/Developer/Xcode/DerivedData/Voyara-boisdldhhqvtzpayatyflksnvfmv/SourcePackages/checkouts/GoogleUtilities/GoogleUtilities/Reachability/Public -Xcc -I/Users/dulaboy/Library/Developer/Xcode/DerivedData/Voyara-boisdldhhqvtzpayatyflksnvfmv/SourcePackages/checkouts/GoogleUtilities/GoogleUtilities/NSData+zlib/Public -Xcc -I/Users/dulaboy/Library/Developer/Xcode/DerivedData/Voyara-boisdldhhqvtzpayatyflksnvfmv/SourcePackages/checkouts/GoogleUtilities/GoogleUtilities/Logger/Public -Xcc -I/Users/dulaboy/Library/Developer/Xcode/DerivedData/Voyara-boisdldhhqvtzpayatyflksnvfmv/SourcePackages/checkouts/GoogleUtilities/GoogleUtilities/Environment/Public -Xcc -I/Users/dulaboy/Library/Developer/Xcode/DerivedData/Voyara-boisdldhhqvtzpayatyflksnvfmv/SourcePackages/checkouts/GoogleUtilities/third_party/IsAppEncrypted/Public -Xcc -I/Users/dulaboy/Library/Developer/Xcode/DerivedData/Voyara-boisdldhhqvtzpayatyflksnvfmv/SourcePackages/checkouts/GoogleUtilities/GoogleUtilities/AppDelegateSwizzler/Public -Xcc -I/Users/dulaboy/Library/Developer/Xcode/DerivedData/Voyara-boisdldhhqvtzpayatyflksnvfmv/SourcePackages/checkouts/gtm-session-fetcher/Sources/Core/Public -Xcc -I/Users/dulaboy/Library/Developer/Xcode/DerivedData/Voyara-boisdldhhqvtzpayatyflksnvfmv/SourcePackages/checkouts/firebase-ios-sdk/FirebaseCore/Extension -Xcc -I/Users/dulaboy/Library/Developer/Xcode/DerivedData/Voyara-boisdldhhqvtzpayatyflksnvfmv/SourcePackages/checkouts/firebase-ios-sdk/FirebaseCore/Sources/Public -Xcc -I/Users/dulaboy/Library/Developer/Xcode/DerivedData/Voyara-boisdldhhqvtzpayatyflksnvfmv/SourcePackages/checkouts/firebase-ios-sdk/CoreOnly/Sources -Xcc -I/Users/dulaboy/Library/Developer/Xcode/DerivedData/Voyara-boisdldhhqvtzpayatyflksnvfmv/SourcePackages/checkouts/firebase-ios-sdk/FirebaseAuth/Sources/Public -Xcc -I/Users/dulaboy/Library/Developer/Xcode/DerivedData/Voyara-boisdldhhqvtzpayatyflksnvfmv/SourcePackages/checkouts/firebase-ios-sdk/FirebaseAuth/Interop/Public -Xcc -I/Users/dulaboy/Library/Developer/Xcode/DerivedData/Voyara-boisdldhhqvtzpayatyflksnvfmv/SourcePackages/checkouts/firebase-ios-sdk/FirebaseAppCheck/Interop/Public -Xcc -I/Users/dulaboy/Library/Developer/Xcode/DerivedData/Voyara-boisdldhhqvtzpayatyflksnvfmv/Build/Products/Debug-iphonesimulator/include -Xcc -I/Users/dulaboy/Library/Developer/Xcode/DerivedData/Voyara-boisdldhhqvtzpayatyflksnvfmv/Build/Intermediates.noindex/Voyara.build/Debug-iphonesimulator/Voyara.build/DerivedSources-normal/arm64 -Xcc -I/Users/dulaboy/Library/Developer/Xcode/DerivedData/Voyara-boisdldhhqvtzpayatyflksnvfmv/Build/Intermediates.noindex/Voyara.build/Debug-iphonesimulator/Voyara.build/DerivedSources/arm64 -Xcc -I/Users/dulaboy/Library/Developer/Xcode/DerivedData/Voyara-boisdldhhqvtzpayatyflksnvfmv/Build/Intermediates.noindex/Voyara.build/Debug-iphonesimulator/Voyara.build/DerivedSources -Xcc -DDEBUG\=1 -emit-objc-header -emit-objc-header-path /Users/dulaboy/Library/Developer/Xcode/DerivedData/Voyara-boisdldhhqvtzpayatyflksnvfmv/Build/Intermediates.noindex/Voyara.build/Debug-iphonesimulator/Voyara.build/Objects-normal/arm64/Voyara-Swift.h -working-directory /Users/dulaboy/Learn/Voyara/Voyara -experimental-emit-module-separately -disable-cmo

ProcessInfoPlistFile /Users/dulaboy/Library/Developer/Xcode/DerivedData/Voyara-boisdldhhqvtzpayatyflksnvfmv/Build/Products/Debug-iphonesimulator/Voyara.app/Info.plist /Users/dulaboy/Library/Developer/Xcode/DerivedData/Voyara-boisdldhhqvtzpayatyflksnvfmv/Build/Intermediates.noindex/Voyara.build/Debug-iphonesimulator/Voyara.build/empty-Voyara.plist (in target 'Voyara' from project 'Voyara')
    cd /Users/dulaboy/Learn/Voyara/Voyara
    builtin-infoPlistUtility /Users/dulaboy/Library/Developer/Xcode/DerivedData/Voyara-boisdldhhqvtzpayatyflksnvfmv/Build/Intermediates.noindex/Voyara.build/Debug-iphonesimulator/Voyara.build/empty-Voyara.plist -producttype com.apple.product-type.application -genpkginfo /Users/dulaboy/Library/Developer/Xcode/DerivedData/Voyara-boisdldhhqvtzpayatyflksnvfmv/Build/Products/Debug-iphonesimulator/Voyara.app/PkgInfo -expandbuildsettings -format binary -platform iphonesimulator -additionalcontentfile /Users/dulaboy/Library/Developer/Xcode/DerivedData/Voyara-boisdldhhqvtzpayatyflksnvfmv/Build/Intermediates.noindex/Voyara.build/Debug-iphonesimulator/Voyara.build/assetcatalog_generated_info.plist -scanforprivacyfile /Users/dulaboy/Library/Developer/Xcode/DerivedData/Voyara-boisdldhhqvtzpayatyflksnvfmv/Build/Products/Debug-iphonesimulator/Voyara.app/Firebase_FirebaseAuth.bundle -scanforprivacyfile /Users/dulaboy/Library/Developer/Xcode/DerivedData/Voyara-boisdldhhqvtzpayatyflksnvfmv/Build/Products/Debug-iphonesimulator/Voyara.app/Firebase_FirebaseCore.bundle -scanforprivacyfile /Users/dulaboy/Library/Developer/Xcode/DerivedData/Voyara-boisdldhhqvtzpayatyflksnvfmv/Build/Products/Debug-iphonesimulator/Voyara.app/Firebase_FirebaseCoreExtension.bundle -scanforprivacyfile /Users/dulaboy/Library/Developer/Xcode/DerivedData/Voyara-boisdldhhqvtzpayatyflksnvfmv/Build/Products/Debug-iphonesimulator/Voyara.app/Firebase_FirebaseCoreInternal.bundle -scanforprivacyfile /Users/dulaboy/Library/Developer/Xcode/DerivedData/Voyara-boisdldhhqvtzpayatyflksnvfmv/Build/Products/Debug-iphonesimulator/Voyara.app/Firebase_FirebaseFirestore.bundle -scanforprivacyfile /Users/dulaboy/Library/Developer/Xcode/DerivedData/Voyara-boisdldhhqvtzpayatyflksnvfmv/Build/Products/Debug-iphonesimulator/Voyara.app/Frameworks/FirebaseFirestoreInternal.framework -scanforprivacyfile /Users/dulaboy/Library/Developer/Xcode/DerivedData/Voyara-boisdldhhqvtzpayatyflksnvfmv/Build/Products/Debug-iphonesimulator/Voyara.app/Frameworks/absl.framework -scanforprivacyfile /Users/dulaboy/Library/Developer/Xcode/DerivedData/Voyara-boisdldhhqvtzpayatyflksnvfmv/Build/Products/Debug-iphonesimulator/Voyara.app/Frameworks/grpc.framework -scanforprivacyfile /Users/dulaboy/Library/Developer/Xcode/DerivedData/Voyara-boisdldhhqvtzpayatyflksnvfmv/Build/Products/Debug-iphonesimulator/Voyara.app/Frameworks/grpcpp.framework -scanforprivacyfile /Users/dulaboy/Library/Developer/Xcode/DerivedData/Voyara-boisdldhhqvtzpayatyflksnvfmv/Build/Products/Debug-iphonesimulator/Voyara.app/Frameworks/openssl_grpc.framework -scanforprivacyfile /Users/dulaboy/Library/Developer/Xcode/DerivedData/Voyara-boisdldhhqvtzpayatyflksnvfmv/Build/Products/Debug-iphonesimulator/Voyara.app/GTMSessionFetcher_GTMSessionFetcherCore.bundle -scanforprivacyfile /Users/dulaboy/Library/Developer/Xcode/DerivedData/Voyara-boisdldhhqvtzpayatyflksnvfmv/Build/Products/Debug-iphonesimulator/Voyara.app/GoogleUtilities_GoogleUtilities-AppDelegateSwizzler.bundle -scanforprivacyfile /Users/dulaboy/Library/Developer/Xcode/DerivedData/Voyara-boisdldhhqvtzpayatyflksnvfmv/Build/Products/Debug-iphonesimulator/Voyara.app/GoogleUtilities_GoogleUtilities-Environment.bundle -scanforprivacyfile /Users/dulaboy/Library/Developer/Xcode/DerivedData/Voyara-boisdldhhqvtzpayatyflksnvfmv/Build/Products/Debug-iphonesimulator/Voyara.app/GoogleUtilities_GoogleUtilities-Logger.bundle -scanforprivacyfile /Users/dulaboy/Library/Developer/Xcode/DerivedData/Voyara-boisdldhhqvtzpayatyflksnvfmv/Build/Products/Debug-iphonesimulator/Voyara.app/GoogleUtilities_GoogleUtilities-NSData.bundle -scanforprivacyfile /Users/dulaboy/Library/Developer/Xcode/DerivedData/Voyara-boisdldhhqvtzpayatyflksnvfmv/Build/Products/Debug-iphonesimulator/Voyara.app/GoogleUtilities_GoogleUtilities-Network.bundle -scanforprivacyfile /Users/dulaboy/Library/Developer/Xcode/DerivedData/Voyara-boisdldhhqvtzpayatyflksnvfmv/Build/Products/Debug-iphonesimulator/Voyara.app/GoogleUtilities_GoogleUtilities-Reachability.bundle -scanforprivacyfile /Users/dulaboy/Library/Developer/Xcode/DerivedData/Voyara-boisdldhhqvtzpayatyflksnvfmv/Build/Products/Debug-iphonesimulator/Voyara.app/Lottie_Lottie.bundle -scanforprivacyfile /Users/dulaboy/Library/Developer/Xcode/DerivedData/Voyara-boisdldhhqvtzpayatyflksnvfmv/Build/Products/Debug-iphonesimulator/Voyara.app/abseil_abslWrapper.bundle -scanforprivacyfile /Users/dulaboy/Library/Developer/Xcode/DerivedData/Voyara-boisdldhhqvtzpayatyflksnvfmv/Build/Products/Debug-iphonesimulator/Voyara.app/gRPC_grpcWrapper.bundle -scanforprivacyfile /Users/dulaboy/Library/Developer/Xcode/DerivedData/Voyara-boisdldhhqvtzpayatyflksnvfmv/Build/Products/Debug-iphonesimulator/Voyara.app/gRPC_grpcppWrapper.bundle -scanforprivacyfile /Users/dulaboy/Library/Developer/Xcode/DerivedData/Voyara-boisdldhhqvtzpayatyflksnvfmv/Build/Products/Debug-iphonesimulator/Voyara.app/gRPC_opensslWrapper.bundle -scanforprivacyfile /Users/dulaboy/Library/Developer/Xcode/DerivedData/Voyara-boisdldhhqvtzpayatyflksnvfmv/Build/Products/Debug-iphonesimulator/Voyara.app/leveldb_leveldb.bundle -scanforprivacyfile /Users/dulaboy/Library/Developer/Xcode/DerivedData/Voyara-boisdldhhqvtzpayatyflksnvfmv/Build/Products/Debug-iphonesimulator/Voyara.app/nanopb_nanopb.bundle -o /Users/dulaboy/Library/Developer/Xcode/DerivedData/Voyara-boisdldhhqvtzpayatyflksnvfmv/Build/Products/Debug-iphonesimulator/Voyara.app/Info.plist

SwiftCompile normal arm64 Compiling\ TripActionsViews.swift /Users/dulaboy/Learn/Voyara/Voyara/Voyara/Views/Trips/TripActionsViews.swift (in target 'Voyara' from project 'Voyara')

SwiftCompile normal arm64 /Users/dulaboy/Learn/Voyara/Voyara/Voyara/Views/Trips/TripActionsViews.swift (in target 'Voyara' from project 'Voyara')
    cd /Users/dulaboy/Learn/Voyara/Voyara
    
/Users/dulaboy/Learn/Voyara/Voyara/Voyara/Views/Trips/TripActionsViews.swift:154:45: error: extra arguments at positions #6, #7 in call
            let activity = ItineraryActivity(
                                            ^
/Users/dulaboy/Learn/Voyara/Voyara/Voyara/Models/Models.swift:108:5: note: 'init(id:dayId:title:startTime:endTime:location:description:category:estimatedCost:isCompleted:priority:notes:)' declared here
    init(id: String = UUID().uuidString, dayId: String, title: String, startTime: Date, endTime: Date,
    ^

Failed frontend command:
/Applications/Xcode.app/Contents/Developer/Toolchains/XcodeDefault.xctoolchain/usr/bin/swift-frontend -frontend -c /Users/dulaboy/Learn/Voyara/Voyara/Voyara/Core/Components/ComponentsStubs.swift /Users/dulaboy/Learn/Voyara/Voyara/Voyara/Core/Theme/Colors.swift /Users/dulaboy/Learn/Voyara/Voyara/Voyara/Core/Theme/Typography.swift /Users/dulaboy/Learn/Voyara/Voyara/Voyara/Models/Models.swift /Users/dulaboy/Learn/Voyara/Voyara/Voyara/Services/AuthService.swift /Users/dulaboy/Learn/Voyara/Voyara/Voyara/Services/FirebaseService.swift /Users/dulaboy/Learn/Voyara/Voyara/Voyara/Services/WeatherService.swift /Users/dulaboy/Learn/Voyara/Voyara/Voyara/Utilities/String+Icon.swift /Users/dulaboy/Learn/Voyara/Voyara/Voyara/ViewModels/AuthViewModel.swift /Users/dulaboy/Learn/Voyara/Voyara/Voyara/ViewModels/CategoryViewModel.swift /Users/dulaboy/Learn/Voyara/Voyara/Voyara/ViewModels/MapViewModel.swift /Users/dulaboy/Learn/Voyara/Voyara/Voyara/ViewModels/NotificationViewModel.swift /Users/dulaboy/Learn/Voyara/Voyara/Voyara/ViewModels/TripViewModel.swift /Users/dulaboy/Learn/Voyara/Voyara/Voyara/ViewModels/WeatherViewModel.swift /Users/dulaboy/Learn/Voyara/Voyara/Voyara/Views/Auth/AuthView.swift /Users/dulaboy/Learn/Voyara/Voyara/Voyara/Views/Auth/FaceIDLockView.swift /Users/dulaboy/Learn/Voyara/Voyara/Voyara/Views/Budget/BudgetTabView.swift /Users/dulaboy/Learn/Voyara/Voyara/Voyara/Views/Budget/CurrencyConverterView.swift /Users/dulaboy/Learn/Voyara/Voyara/Voyara/Views/Dashboard/CategoryExploreView.swift /Users/dulaboy/Learn/Voyara/Voyara/Voyara/Views/Dashboard/DashboardHomeView.swift /Users/dulaboy/Learn/Voyara/Voyara/Voyara/Views/Dashboard/NotificationsView.swift /Users/dulaboy/Learn/Voyara/Voyara/Voyara/Views/Dashboard/WeatherSuggestionsView.swift /Users/dulaboy/Learn/Voyara/Voyara/Voyara/Views/MainTab/MainTabView.swift /Users/dulaboy/Learn/Voyara/Voyara/Voyara/Views/Map/MapView.swift /Users/dulaboy/Learn/Voyara/Voyara/Voyara/Views/Onboarding/OnboardingView.swift /Users/dulaboy/Learn/Voyara/Voyara/Voyara/Views/Packing/PackingListsView.swift /Users/dulaboy/Learn/Voyara/Voyara/Voyara/Views/Profile/ProfileView.swift -primary-file /Users/dulaboy/Learn/Voyara/Voyara/Voyara/Views/Trips/TripActionsViews.swift /Users/dulaboy/Learn/Voyara/Voyara/Voyara/Views/Trips/TripDetailView.swift /Users/dulaboy/Learn/Voyara/Voyara/Voyara/Views/Trips/TripsView.swift /Users/dulaboy/Learn/Voyara/Voyara/Voyara/VoyaraApp.swift /Users/dulaboy/Library/Developer/Xcode/DerivedData/Voyara-boisdldhhqvtzpayatyflksnvfmv/Build/Intermediates.noindex/Voyara.build/Debug-iphonesimulator/Voyara.build/DerivedSources/GeneratedAssetSymbols.swift -emit-dependencies-path /Users/dulaboy/Library/Developer/Xcode/DerivedData/Voyara-boisdldhhqvtzpayatyflksnvfmv/Build/Intermediates.noindex/Voyara.build/Debug-iphonesimulator/Voyara.build/Objects-normal/arm64/TripActionsViews.d -emit-const-values-path /Users/dulaboy/Library/Developer/Xcode/DerivedData/Voyara-boisdldhhqvtzpayatyflksnvfmv/Build/Intermediates.noindex/Voyara.build/Debug-iphonesimulator/Voyara.build/Objects-normal/arm64/TripActionsViews.swiftconstvalues -emit-reference-dependencies-path /Users/dulaboy/Library/Developer/Xcode/DerivedData/Voyara-boisdldhhqvtzpayatyflksnvfmv/Build/Intermediates.noindex/Voyara.build/Debug-iphonesimulator/Voyara.build/Objects-normal/arm64/TripActionsViews.swiftdeps -serialize-diagnostics-path /Users/dulaboy/Library/Developer/Xcode/DerivedData/Voyara-boisdldhhqvtzpayatyflksnvfmv/Build/Intermediates.noindex/Voyara.build/Debug-iphonesimulator/Voyara.build/Objects-normal/arm64/TripActionsViews.dia -emit-localized-strings -emit-localized-strings-path /Users/dulaboy/Library/Developer/Xcode/DerivedData/Voyara-boisdldhhqvtzpayatyflksnvfmv/Build/Intermediates.noindex/Voyara.build/Debug-iphonesimulator/Voyara.build/Objects-normal/arm64 -target arm64-apple-ios26.2-simulator -module-can-import-version DeveloperToolsSupport 23.0.4 23.0.4 -module-can-import-version SwiftUI 7.2.5.1 7.2.5 -module-can-import-version UIKit 9126.2.4.1 9126.2.4 -disable-cross-import-overlay-search -swift-module-cross-import MapKit /Applications/Xcode.app/Contents/Developer/Platforms/iPhoneSimulator.platform/Developer/SDKs/iPhoneSimulator.sdk/System/Library/Frameworks/MapKit.framework/Modules/MapKit.swiftcrossimport/SwiftUI.swiftoverlay -swift-module-cross-import PhotosUI /Applications/Xcode.app/Contents/Developer/Platforms/iPhoneSimulator.platform/Developer/SDKs/iPhoneSimulator.sdk/System/Library/Frameworks/PhotosUI.framework/Modules/PhotosUI.swiftcrossimport/SwiftUI.swiftoverlay -swift-module-cross-import PhotosUI /Applications/Xcode.app/Contents/Developer/Platforms/iPhoneSimulator.platform/Developer/SDKs/iPhoneSimulator.sdk/System/Library/Frameworks/PhotosUI.framework/Modules/PhotosUI.swiftcrossimport/WidgetKit.swiftoverlay -swift-module-cross-import PhotosUI /Applications/Xcode.app/Contents/Developer/Platforms/iPhoneSimulator.platform/Developer/SDKs/iPhoneSimulator26.2.sdk/System/Library/Frameworks/PhotosUI.framework/Modules/PhotosUI.swiftcrossimport/SwiftUI.swiftoverlay -swift-module-cross-import PhotosUI /Applications/Xcode.app/Contents/Developer/Platforms/iPhoneSimulator.platform/Developer/SDKs/iPhoneSimulator26.2.sdk/System/Library/Frameworks/PhotosUI.framework/Modules/PhotosUI.swiftcrossimport/WidgetKit.swiftoverlay -load-resolved-plugin /Applications/Xcode.app/Contents/Developer/Platforms/iPhoneOS.platform/Developer/usr/lib/swift/host/plugins/libFoundationMacros.dylib\#/Applications/Xcode.app/Contents/Developer/Platforms/iPhoneOS.platform/Developer/usr/bin/swift-plugin-server\#FoundationMacros -load-resolved-plugin /Applications/Xcode.app/Contents/Developer/Platforms/iPhoneOS.platform/Developer/usr/lib/swift/host/plugins/libObservationMacros.dylib\#/Applications/Xcode.app/Contents/Developer/Platforms/iPhoneOS.platform/Developer/usr/bin/swift-plugin-server\#ObservationMacros -load-resolved-plugin /Applications/Xcode.app/Contents/Developer/Platforms/iPhoneOS.platform/Developer/usr/lib/swift/host/plugins/libPreviewsMacros.dylib\#/Applications/Xcode.app/Contents/Developer/Platforms/iPhoneOS.platform/Developer/usr/bin/swift-plugin-server\#PreviewsMacros -load-resolved-plugin /Applications/Xcode.app/Contents/Developer/Platforms/iPhoneOS.platform/Developer/usr/lib/swift/host/plugins/libSwiftMacros.dylib\#/Applications/Xcode.app/Contents/Developer/Platforms/iPhoneOS.platform/Developer/usr/bin/swift-plugin-server\#SwiftMacros -load-resolved-plugin /Applications/Xcode.app/Contents/Developer/Platforms/iPhoneOS.platform/Developer/usr/lib/swift/host/plugins/libSwiftUIMacros.dylib\#/Applications/Xcode.app/Contents/Developer/Platforms/iPhoneOS.platform/Developer/usr/bin/swift-plugin-server\#SwiftUIMacros -disable-implicit-swift-modules -Xcc -fno-implicit-modules -Xcc -fno-implicit-module-maps -explicit-swift-module-map-file /Users/dulaboy/Library/Developer/Xcode/DerivedData/Voyara-boisdldhhqvtzpayatyflksnvfmv/Build/Intermediates.noindex/Voyara.build/Debug-iphonesimulator/Voyara.build/Objects-normal/arm64/Voyara-dependencies-1.json -Xllvm -aarch64-use-tbi -enable-objc-interop -sdk /Applications/Xcode.app/Contents/Developer/Platforms/iPhoneSimulator.platform/Developer/SDKs/iPhoneSimulator26.2.sdk -I /Users/dulaboy/Library/Developer/Xcode/DerivedData/Voyara-boisdldhhqvtzpayatyflksnvfmv/Build/Products/Debug-iphonesimulator -F /Users/dulaboy/Library/Developer/Xcode/DerivedData/Voyara-boisdldhhqvtzpayatyflksnvfmv/Build/Products/Debug-iphonesimulator/PackageFrameworks -F /Users/dulaboy/Library/Developer/Xcode/DerivedData/Voyara-boisdldhhqvtzpayatyflksnvfmv/Build/Products/Debug-iphonesimulator/PackageFrameworks -F /Users/dulaboy/Library/Developer/Xcode/DerivedData/Voyara-boisdldhhqvtzpayatyflksnvfmv/Build/Products/Debug-iphonesimulator/PackageFrameworks -F /Users/dulaboy/Library/Developer/Xcode/DerivedData/Voyara-boisdldhhqvtzpayatyflksnvfmv/Build/Products/Debug-iphonesimulator/PackageFrameworks -F /Users/dulaboy/Library/Developer/Xcode/DerivedData/Voyara-boisdldhhqvtzpayatyflksnvfmv/Build/Products/Debug-iphonesimulator/PackageFrameworks -F /Users/dulaboy/Library/Developer/Xcode/DerivedData/Voyara-boisdldhhqvtzpayatyflksnvfmv/Build/Products/Debug-iphonesimulator/PackageFrameworks -F /Users/dulaboy/Library/Developer/Xcode/DerivedData/Voyara-boisdldhhqvtzpayatyflksnvfmv/Build/Products/Debug-iphonesimulator/PackageFrameworks -F /Users/dulaboy/Library/Developer/Xcode/DerivedData/Voyara-boisdldhhqvtzpayatyflksnvfmv/Build/Products/Debug-iphonesimulator/PackageFrameworks -F /Users/dulaboy/Library/Developer/Xcode/DerivedData/Voyara-boisdldhhqvtzpayatyflksnvfmv/Build/Products/Debug-iphonesimulator/PackageFrameworks -F /Users/dulaboy/Library/Developer/Xcode/DerivedData/Voyara-boisdldhhqvtzpayatyflksnvfmv/Build/Products/Debug-iphonesimulator/PackageFrameworks -F /Users/dulaboy/Library/Developer/Xcode/DerivedData/Voyara-boisdldhhqvtzpayatyflksnvfmv/Build/Products/Debug-iphonesimulator/PackageFrameworks -F /Users/dulaboy/Library/Developer/Xcode/DerivedData/Voyara-boisdldhhqvtzpayatyflksnvfmv/Build/Products/Debug-iphonesimulator/PackageFrameworks -F /Users/dulaboy/Library/Developer/Xcode/DerivedData/Voyara-boisdldhhqvtzpayatyflksnvfmv/Build/Products/Debug-iphonesimulator/PackageFrameworks -F /Users/dulaboy/Library/Developer/Xcode/DerivedData/Voyara-boisdldhhqvtzpayatyflksnvfmv/Build/Products/Debug-iphonesimulator/PackageFrameworks -F /Users/dulaboy/Library/Developer/Xcode/DerivedData/Voyara-boisdldhhqvtzpayatyflksnvfmv/Build/Products/Debug-iphonesimulator/PackageFrameworks -F /Users/dulaboy/Library/Developer/Xcode/DerivedData/Voyara-boisdldhhqvtzpayatyflksnvfmv/Build/Products/Debug-iphonesimulator/PackageFrameworks -F /Users/dulaboy/Library/Developer/Xcode/DerivedData/Voyara-boisdldhhqvtzpayatyflksnvfmv/Build/Products/Debug-iphonesimulator/PackageFrameworks -F /Users/dulaboy/Library/Developer/Xcode/DerivedData/Voyara-boisdldhhqvtzpayatyflksnvfmv/Build/Products/Debug-iphonesimulator/PackageFrameworks -F /Users/dulaboy/Library/Developer/Xcode/DerivedData/Voyara-boisdldhhqvtzpayatyflksnvfmv/Build/Products/Debug-iphonesimulator/PackageFrameworks -F /Users/dulaboy/Library/Developer/Xcode/DerivedData/Voyara-boisdldhhqvtzpayatyflksnvfmv/Build/Products/Debug-iphonesimulator/PackageFrameworks -F /Users/dulaboy/Library/Developer/Xcode/DerivedData/Voyara-boisdldhhqvtzpayatyflksnvfmv/Build/Products/Debug-iphonesimulator/PackageFrameworks -F /Users/dulaboy/Library/Developer/Xcode/DerivedData/Voyara-boisdldhhqvtzpayatyflksnvfmv/Build/Products/Debug-iphonesimulator/PackageFrameworks -F /Users/dulaboy/Library/Developer/Xcode/DerivedData/Voyara-boisdldhhqvtzpayatyflksnvfmv/Build/Products/Debug-iphonesimulator/PackageFrameworks -F /Users/dulaboy/Library/Developer/Xcode/DerivedData/Voyara-boisdldhhqvtzpayatyflksnvfmv/Build/Products/Debug-iphonesimulator/PackageFrameworks -F /Users/dulaboy/Library/Developer/Xcode/DerivedData/Voyara-boisdldhhqvtzpayatyflksnvfmv/Build/Products/Debug-iphonesimulator/PackageFrameworks -F /Users/dulaboy/Library/Developer/Xcode/DerivedData/Voyara-boisdldhhqvtzpayatyflksnvfmv/Build/Products/Debug-iphonesimulator/PackageFrameworks -F /Users/dulaboy/Library/Developer/Xcode/DerivedData/Voyara-boisdldhhqvtzpayatyflksnvfmv/Build/Products/Debug-iphonesimulator/PackageFrameworks -F /Users/dulaboy/Library/Developer/Xcode/DerivedData/Voyara-boisdldhhqvtzpayatyflksnvfmv/Build/Products/Debug-iphonesimulator/PackageFrameworks -F /Users/dulaboy/Library/Developer/Xcode/DerivedData/Voyara-boisdldhhqvtzpayatyflksnvfmv/Build/Products/Debug-iphonesimulator -no-color-diagnostics -Xcc -fno-color-diagnostics -enable-testing -g -debug-info-format\=dwarf -dwarf-version\=5 -module-cache-path /Users/dulaboy/Library/Developer/Xcode/DerivedData/Voyara-boisdldhhqvtzpayatyflksnvfmv/Build/Intermediates.noindex/SwiftExplicitPrecompiledModules -swift-version 5 -enforce-exclusivity\=checked -Onone -D DEBUG -serialize-debugging-options -const-gather-protocols-file /Users/dulaboy/Library/Developer/Xcode/DerivedData/Voyara-boisdldhhqvtzpayatyflksnvfmv/Build/Intermediates.noindex/Voyara.build/Debug-iphonesimulator/Voyara.build/Objects-normal/arm64/Voyara_const_extract_protocols.json -enable-upcoming-feature DisableOutwardActorInference -enable-upcoming-feature InferSendableFromCaptures -enable-upcoming-feature GlobalActorIsolatedTypesUsability -enable-upcoming-feature MemberImportVisibility -enable-upcoming-feature InferIsolatedConformances -enable-upcoming-feature NonisolatedNonsendingByDefault -enable-experimental-feature DebugDescriptionMacro -enable-bare-slash-regex -default-isolation\=MainActor -empty-abi-descriptor -validate-clang-modules-once -clang-build-session-file /Users/dulaboy/Library/Developer/Xcode/DerivedData/ModuleCache.noindex/Session.modulevalidation -Xcc -working-directory -Xcc /Users/dulaboy/Learn/Voyara/Voyara -enable-anonymous-context-mangled-names -file-compilation-dir /Users/dulaboy/Learn/Voyara/Voyara -Xcc -fmodule-map-file\=/Users/dulaboy/Library/Developer/Xcode/DerivedData/Voyara-boisdldhhqvtzpayatyflksnvfmv/Build/Intermediates.noindex/GeneratedModuleMaps-iphonesimulator/abslWrapper.modulemap -Xcc -fmodule-map-file\=/Users/dulaboy/Library/Developer/Xcode/DerivedData/Voyara-boisdldhhqvtzpayatyflksnvfmv/Build/Intermediates.noindex/GeneratedModuleMaps-iphonesimulator/opensslWrapper.modulemap -Xcc -fmodule-map-file\=/Users/dulaboy/Library/Developer/Xcode/DerivedData/Voyara-boisdldhhqvtzpayatyflksnvfmv/Build/Intermediates.noindex/GeneratedModuleMaps-iphonesimulator/grpcWrapper.modulemap -Xcc -fmodule-map-file\=/Users/dulaboy/Library/Developer/Xcode/DerivedData/Voyara-boisdldhhqvtzpayatyflksnvfmv/Build/Intermediates.noindex/GeneratedModuleMaps-iphonesimulator/grpcppWrapper.modulemap -Xcc -fmodule-map-file\=/Users/dulaboy/Library/Developer/Xcode/DerivedData/Voyara-boisdldhhqvtzpayatyflksnvfmv/Build/Intermediates.noindex/GeneratedModuleMaps-iphonesimulator/nanopb.modulemap -Xcc -fmodule-map-file\=/Users/dulaboy/Library/Developer/Xcode/DerivedData/Voyara-boisdldhhqvtzpayatyflksnvfmv/Build/Intermediates.noindex/GeneratedModuleMaps-iphonesimulator/leveldb.modulemap -Xcc -fmodule-map-file\=/Users/dulaboy/Library/Developer/Xcode/DerivedData/Voyara-boisdldhhqvtzpayatyflksnvfmv/Build/Intermediates.noindex/GeneratedModuleMaps-iphonesimulator/FirebaseFirestoreInternalWrapper.modulemap -Xcc -fmodule-map-file\=/Users/dulaboy/Library/Developer/Xcode/DerivedData/Voyara-boisdldhhqvtzpayatyflksnvfmv/Build/Intermediates.noindex/GeneratedModuleMaps-iphonesimulator/FirebaseFirestoreTarget.modulemap -Xcc -fmodule-map-file\=/Users/dulaboy/Library/Developer/Xcode/DerivedData/Voyara-boisdldhhqvtzpayatyflksnvfmv/Build/Intermediates.noindex/GeneratedModuleMaps-iphonesimulator/RecaptchaInterop.modulemap -Xcc -fmodule-map-file\=/Users/dulaboy/Library/Developer/Xcode/DerivedData/Voyara-boisdldhhqvtzpayatyflksnvfmv/Build/Intermediates.noindex/GeneratedModuleMaps-iphonesimulator/GoogleUtilities-Network.modulemap -Xcc -fmodule-map-file\=/Users/dulaboy/Library/Developer/Xcode/DerivedData/Voyara-boisdldhhqvtzpayatyflksnvfmv/Build/Intermediates.noindex/GeneratedModuleMaps-iphonesimulator/GoogleUtilities-Reachability.modulemap -Xcc -fmodule-map-file\=/Users/dulaboy/Library/Developer/Xcode/DerivedData/Voyara-boisdldhhqvtzpayatyflksnvfmv/Build/Intermediates.noindex/GeneratedModuleMaps-iphonesimulator/GoogleUtilities-NSData.modulemap -Xcc -fmodule-map-file\=/Users/dulaboy/Library/Developer/Xcode/DerivedData/Voyara-boisdldhhqvtzpayatyflksnvfmv/Build/Intermediates.noindex/GeneratedModuleMaps-iphonesimulator/GoogleUtilities-Logger.modulemap -Xcc -fmodule-map-file\=/Users/dulaboy/Library/Developer/Xcode/DerivedData/Voyara-boisdldhhqvtzpayatyflksnvfmv/Build/Intermediates.noindex/GeneratedModuleMaps-iphonesimulator/GoogleUtilities-Environment.modulemap -Xcc -fmodule-map-file\=/Users/dulaboy/Library/Developer/Xcode/DerivedData/Voyara-boisdldhhqvtzpayatyflksnvfmv/Build/Intermediates.noindex/GeneratedModuleMaps-iphonesimulator/third-party-IsAppEncrypted.modulemap -Xcc -fmodule-map-file\=/Users/dulaboy/Library/Developer/Xcode/DerivedData/Voyara-boisdldhhqvtzpayatyflksnvfmv/Build/Intermediates.noindex/GeneratedModuleMaps-iphonesimulator/GoogleUtilities-AppDelegateSwizzler.modulemap -Xcc -fmodule-map-file\=/Users/dulaboy/Library/Developer/Xcode/DerivedData/Voyara-boisdldhhqvtzpayatyflksnvfmv/Build/Intermediates.noindex/GeneratedModuleMaps-iphonesimulator/GTMSessionFetcherCore.modulemap -Xcc -fmodule-map-file\=/Users/dulaboy/Library/Developer/Xcode/DerivedData/Voyara-boisdldhhqvtzpayatyflksnvfmv/Build/Intermediates.noindex/GeneratedModuleMaps-iphonesimulator/FirebaseCoreExtension.modulemap -Xcc -fmodule-map-file\=/Users/dulaboy/Library/Developer/Xcode/DerivedData/Voyara-boisdldhhqvtzpayatyflksnvfmv/Build/Intermediates.noindex/GeneratedModuleMaps-iphonesimulator/FirebaseCore.modulemap -Xcc -fmodule-map-file\=/Users/dulaboy/Library/Developer/Xcode/DerivedData/Voyara-boisdldhhqvtzpayatyflksnvfmv/Build/Intermediates.noindex/GeneratedModuleMaps-iphonesimulator/FirebaseAuthInternal.modulemap -Xcc -fmodule-map-file\=/Users/dulaboy/Library/Developer/Xcode/DerivedData/Voyara-boisdldhhqvtzpayatyflksnvfmv/Build/Intermediates.noindex/GeneratedModuleMaps-iphonesimulator/FirebaseAuthInterop.modulemap -Xcc -fmodule-map-file\=/Users/dulaboy/Library/Developer/Xcode/DerivedData/Voyara-boisdldhhqvtzpayatyflksnvfmv/Build/Intermediates.noindex/GeneratedModuleMaps-iphonesimulator/FirebaseAppCheckInterop.modulemap -Xcc -D_LIBCPP_HARDENING_MODE\=_LIBCPP_HARDENING_MODE_DEBUG -Xcc -ivfsstatcache -Xcc /Users/dulaboy/Library/Developer/Xcode/DerivedData/SDKStatCaches.noindex/iphonesimulator26.2-23C53-7d00a8b37fbd7999ea79df8ebc024bf0.sdkstatcache -Xcc -I/Users/dulaboy/Library/Developer/Xcode/DerivedData/Voyara-boisdldhhqvtzpayatyflksnvfmv/Build/Intermediates.noindex/Voyara.build/Debug-iphonesimulator/Voyara.build/swift-overrides.hmap -Xcc -iquote -Xcc /Users/dulaboy/Library/Developer/Xcode/DerivedData/Voyara-boisdldhhqvtzpayatyflksnvfmv/Build/Intermediates.noindex/Voyara.build/Debug-iphonesimulator/Voyara.build/Voyara-generated-files.hmap -Xcc -I/Users/dulaboy/Library/Developer/Xcode/DerivedData/Voyara-boisdldhhqvtzpayatyflksnvfmv/Build/Intermediates.noindex/Voyara.build/Debug-iphonesimulator/Voyara.build/Voyara-own-target-headers.hmap -Xcc -I/Users/dulaboy/Library/Developer/Xcode/DerivedData/Voyara-boisdldhhqvtzpayatyflksnvfmv/Build/Intermediates.noindex/Voyara.build/Debug-iphonesimulator/Voyara.build/Voyara-all-non-framework-target-headers.hmap -Xcc -ivfsoverlay -Xcc /Users/dulaboy/Library/Developer/Xcode/DerivedData/Voyara-boisdldhhqvtzpayatyflksnvfmv/Build/Intermediates.noindex/Voyara.build/Debug-iphonesimulator/Voyara-479d8f90487fe23bcb55e9f2385d0c41-VFS-iphonesimulator/all-product-headers.yaml -Xcc -iquote -Xcc /Users/dulaboy/Library/Developer/Xcode/DerivedData/Voyara-boisdldhhqvtzpayatyflksnvfmv/Build/Intermediates.noindex/Voyara.build/Debug-iphonesimulator/Voyara.build/Voyara-project-headers.hmap -Xcc -I/Users/dulaboy/Library/Developer/Xcode/DerivedData/Voyara-boisdldhhqvtzpayatyflksnvfmv/SourcePackages/checkouts/abseil-cpp-binary/absl-Wrapper/include -Xcc -I/Users/dulaboy/Library/Developer/Xcode/DerivedData/Voyara-boisdldhhqvtzpayatyflksnvfmv/SourcePackages/checkouts/grpc-binary/openssl-grpc-Wrapper/include -Xcc -I/Users/dulaboy/Library/Developer/Xcode/DerivedData/Voyara-boisdldhhqvtzpayatyflksnvfmv/SourcePackages/checkouts/grpc-binary/grpc-Wrapper/include -Xcc -I/Users/dulaboy/Library/Developer/Xcode/DerivedData/Voyara-boisdldhhqvtzpayatyflksnvfmv/SourcePackages/checkouts/grpc-binary/grpcpp-Wrapper/include -Xcc -I/Users/dulaboy/Library/Developer/Xcode/DerivedData/Voyara-boisdldhhqvtzpayatyflksnvfmv/SourcePackages/checkouts/nanopb/spm_headers -Xcc -I/Users/dulaboy/Library/Developer/Xcode/DerivedData/Voyara-boisdldhhqvtzpayatyflksnvfmv/SourcePackages/checkouts/leveldb/include -Xcc -I/Users/dulaboy/Library/Developer/Xcode/DerivedData/Voyara-boisdldhhqvtzpayatyflksnvfmv/SourcePackages/checkouts/firebase-ios-sdk/FirebaseFirestoreInternal -Xcc -I/Users/dulaboy/Library/Developer/Xcode/DerivedData/Voyara-boisdldhhqvtzpayatyflksnvfmv/SourcePackages/checkouts/firebase-ios-sdk/SwiftPM-PlatformExclude/FirebaseFirestoreWrap/include -Xcc -I/Users/dulaboy/Library/Developer/Xcode/DerivedData/Voyara-boisdldhhqvtzpayatyflksnvfmv/SourcePackages/checkouts/interop-ios-for-google-sdks/RecaptchaEnterprise/RecaptchaInterop/Public -Xcc -I/Users/dulaboy/Library/Developer/Xcode/DerivedData/Voyara-boisdldhhqvtzpayatyflksnvfmv/SourcePackages/checkouts/GoogleUtilities/GoogleUtilities/Network/Public -Xcc -I/Users/dulaboy/Library/Developer/Xcode/DerivedData/Voyara-boisdldhhqvtzpayatyflksnvfmv/SourcePackages/checkouts/GoogleUtilities/GoogleUtilities/Reachability/Public -Xcc -I/Users/dulaboy/Library/Developer/Xcode/DerivedData/Voyara-boisdldhhqvtzpayatyflksnvfmv/SourcePackages/checkouts/GoogleUtilities/GoogleUtilities/NSData+zlib/Public -Xcc -I/Users/dulaboy/Library/Developer/Xcode/DerivedData/Voyara-boisdldhhqvtzpayatyflksnvfmv/SourcePackages/checkouts/GoogleUtilities/GoogleUtilities/Logger/Public -Xcc -I/Users/dulaboy/Library/Developer/Xcode/DerivedData/Voyara-boisdldhhqvtzpayatyflksnvfmv/SourcePackages/checkouts/GoogleUtilities/GoogleUtilities/Environment/Public -Xcc -I/Users/dulaboy/Library/Developer/Xcode/DerivedData/Voyara-boisdldhhqvtzpayatyflksnvfmv/SourcePackages/checkouts/GoogleUtilities/third_party/IsAppEncrypted/Public -Xcc -I/Users/dulaboy/Library/Developer/Xcode/DerivedData/Voyara-boisdldhhqvtzpayatyflksnvfmv/SourcePackages/checkouts/GoogleUtilities/GoogleUtilities/AppDelegateSwizzler/Public -Xcc -I/Users/dulaboy/Library/Developer/Xcode/DerivedData/Voyara-boisdldhhqvtzpayatyflksnvfmv/SourcePackages/checkouts/gtm-session-fetcher/Sources/Core/Public -Xcc -I/Users/dulaboy/Library/Developer/Xcode/DerivedData/Voyara-boisdldhhqvtzpayatyflksnvfmv/SourcePackages/checkouts/firebase-ios-sdk/FirebaseCore/Extension -Xcc -I/Users/dulaboy/Library/Developer/Xcode/DerivedData/Voyara-boisdldhhqvtzpayatyflksnvfmv/SourcePackages/checkouts/firebase-ios-sdk/FirebaseCore/Sources/Public -Xcc -I/Users/dulaboy/Library/Developer/Xcode/DerivedData/Voyara-boisdldhhqvtzpayatyflksnvfmv/SourcePackages/checkouts/firebase-ios-sdk/CoreOnly/Sources -Xcc -I/Users/dulaboy/Library/Developer/Xcode/DerivedData/Voyara-boisdldhhqvtzpayatyflksnvfmv/SourcePackages/checkouts/firebase-ios-sdk/FirebaseAuth/Sources/Public -Xcc -I/Users/dulaboy/Library/Developer/Xcode/DerivedData/Voyara-boisdldhhqvtzpayatyflksnvfmv/SourcePackages/checkouts/firebase-ios-sdk/FirebaseAuth/Interop/Public -Xcc -I/Users/dulaboy/Library/Developer/Xcode/DerivedData/Voyara-boisdldhhqvtzpayatyflksnvfmv/SourcePackages/checkouts/firebase-ios-sdk/FirebaseAppCheck/Interop/Public -Xcc -I/Users/dulaboy/Library/Developer/Xcode/DerivedData/Voyara-boisdldhhqvtzpayatyflksnvfmv/Build/Products/Debug-iphonesimulator/include -Xcc -I/Users/dulaboy/Library/Developer/Xcode/DerivedData/Voyara-boisdldhhqvtzpayatyflksnvfmv/Build/Intermediates.noindex/Voyara.build/Debug-iphonesimulator/Voyara.build/DerivedSources-normal/arm64 -Xcc -I/Users/dulaboy/Library/Developer/Xcode/DerivedData/Voyara-boisdldhhqvtzpayatyflksnvfmv/Build/Intermediates.noindex/Voyara.build/Debug-iphonesimulator/Voyara.build/DerivedSources/arm64 -Xcc -I/Users/dulaboy/Library/Developer/Xcode/DerivedData/Voyara-boisdldhhqvtzpayatyflksnvfmv/Build/Intermediates.noindex/Voyara.build/Debug-iphonesimulator/Voyara.build/DerivedSources -Xcc -DDEBUG\=1 -no-auto-bridging-header-chaining -module-name Voyara -frontend-parseable-output -disable-clang-spi -target-sdk-version 26.2 -target-sdk-name iphonesimulator26.2 -clang-target arm64-apple-ios26.2-simulator -in-process-plugin-server-path /Applications/Xcode.app/Contents/Developer/Toolchains/XcodeDefault.xctoolchain/usr/lib/swift/host/libSwiftInProcPluginServer.dylib -o /Users/dulaboy/Library/Developer/Xcode/DerivedData/Voyara-boisdldhhqvtzpayatyflksnvfmv/Build/Intermediates.noindex/Voyara.build/Debug-iphonesimulator/Voyara.build/Objects-normal/arm64/TripActionsViews.o -index-unit-output-path /Voyara.build/Debug-iphonesimulator/Voyara.build/Objects-normal/arm64/TripActionsViews.o -index-store-path /Users/dulaboy/Library/Developer/Xcode/DerivedData/Voyara-boisdldhhqvtzpayatyflksnvfmv/Index.noindex/DataStore -index-system-modules
SwiftEmitModule normal arm64 Emitting\ module\ for\ Voyara (in target 'Voyara' from project 'Voyara')

EmitSwiftModule normal arm64 (in target 'Voyara' from project 'Voyara')
    cd /Users/dulaboy/Learn/Voyara/Voyara
    
/Users/dulaboy/Learn/Voyara/Voyara/Voyara/Services/WeatherService.swift:10:28: warning: 'CLGeocoder' was deprecated in iOS 26.0: Use MapKit
    private let geocoder = CLGeocoder()
                           ^

** BUILD FAILED **


The following build commands failed:
	SwiftCompile normal arm64 /Users/dulaboy/Learn/Voyara/Voyara/Voyara/Views/Trips/TripActionsViews.swift (in target 'Voyara' from project 'Voyara')
	SwiftCompile normal arm64 Compiling\ TripActionsViews.swift /Users/dulaboy/Learn/Voyara/Voyara/Voyara/Views/Trips/TripActionsViews.swift (in target 'Voyara' from project 'Voyara')
	Building project Voyara with scheme Voyara
(3 failures)
